<?xml version="1.0" encoding="UTF-8"?>
<testng-results skipped="4" failed="0" ignored="0" total="4" passed="0">
  <reporter-output>
    <line>
      <![CDATA[<div style='color: black; font-size: small; border-botton: none;'>2021-Jul-05 14:57:31,510 : &nbsp;Screen resolution is 1280x720</div>]]>
    </line>
    <line>
      <![CDATA[<div style='color: black; font-size: small; border-botton: none;'>2021-Jul-05 14:57:31,511 : &nbsp;Cleaning temp directory</div>]]>
    </line>
    <line>
      <![CDATA[<div style='color: orange; font-size: small; border-botton: none;'>2021-Jul-05 14:57:31,575 : &nbsp;Error deleting temp files</div>]]>
    </line>
    <line>
      <![CDATA[<div style='color: orange; font-size: small; border-botton: none;'>2021-Jul-05 14:57:31,741 : &nbsp;Error deleting temp files</div>]]>
    </line>
    <line>
      <![CDATA[<div style='color: black; font-size: small; border-botton: none;'>2021-Jul-05 14:57:31,916 : &nbsp;Setup default framework parameters completed</div>]]>
    </line>
    <line>
      <![CDATA[<div style='color: black; font-size: small; border-bottom: solid 1px silver;'>2021-Jul-05 14:57:31,950 : &nbsp;automacent internal set launcher clients (, , )</div>]]>
    </line>
    <line>
      <![CDATA[<div style='color: black; font-size: small; border-botton: none;'>2021-Jul-05 14:57:31,954 : &nbsp;&nbsp;&nbsp;New instance of Launcher client manager created</div>]]>
    </line>
    <line>
      <![CDATA[<div style='color: orange; font-size: small; border-botton: none;'>2021-Jul-05 14:57:31,954 : &nbsp;&nbsp;&nbsp;&nbsp;&nbsp;No Launcher clients specified. Launcher clients service will be disabled</div>]]>
    </line>
    <line>
      <![CDATA[<div style='color: black; font-size: small; border-bottom: solid 1px silver;'>2021-Jul-05 14:57:31,955 : &nbsp;automacent internal set launcher clients completed successfully</div>]]>
    </line>
    <line>
      <![CDATA[<div style='color: black; font-size: small; border-bottom: solid 1px silver;'>2021-Jul-05 14:57:31,961 : &nbsp;automacent internal set driver parameters (, , , 900, 900, 300)</div>]]>
    </line>
    <line>
      <![CDATA[<div style='color: black; font-size: small; border-botton: none;'>2021-Jul-05 14:57:31,963 : &nbsp;&nbsp;&nbsp;&nbsp;&nbsp;Setting up default driver</div>]]>
    </line>
    <line>
      <![CDATA[<div style='color: black; font-size: small; border-botton: none;'>2021-Jul-05 14:57:31,964 : &nbsp;&nbsp;&nbsp;&nbsp;&nbsp;No custom ieDriverLocation provided. Will use default</div>]]>
    </line>
    <line>
      <![CDATA[<div style='color: black; font-size: small; border-botton: none;'>2021-Jul-05 14:57:31,964 : &nbsp;&nbsp;&nbsp;&nbsp;&nbsp;No custom chromeDriverLocation provided. Will use default</div>]]>
    </line>
    <line>
      <![CDATA[<div style='color: black; font-size: small; border-botton: none;'>2021-Jul-05 14:57:31,964 : &nbsp;&nbsp;&nbsp;&nbsp;&nbsp;No custom geckoDriverLocation provided. Will use default</div>]]>
    </line>
    <line>
      <![CDATA[<div style='color: black; font-size: small; border-botton: none;'>2021-Jul-05 14:57:31,965 : &nbsp;&nbsp;&nbsp;&nbsp;&nbsp;scriptTimeoutInSeconds set to 900</div>]]>
    </line>
    <line>
      <![CDATA[<div style='color: black; font-size: small; border-botton: none;'>2021-Jul-05 14:57:31,965 : &nbsp;&nbsp;&nbsp;&nbsp;&nbsp;pageLoadTimeoutInSeconds set to 900</div>]]>
    </line>
    <line>
      <![CDATA[<div style='color: black; font-size: small; border-botton: none;'>2021-Jul-05 14:57:31,966 : &nbsp;&nbsp;&nbsp;&nbsp;&nbsp;socketTimeoutInSeconds set to 300</div>]]>
    </line>
    <line>
      <![CDATA[<div style='color: black; font-size: small; border-bottom: solid 1px silver;'>2021-Jul-05 14:57:31,966 : &nbsp;automacent internal set driver parameters completed successfully</div>]]>
    </line>
    <line>
      <![CDATA[<div style='color: black; font-size: small; border-botton: none;'>2021-Jul-05 14:57:31,970 : &nbsp;----------------- Starting XML Test -------------------</div>]]>
    </line>
    <line>
      <![CDATA[<div style='color: black; font-size: small; border-botton: none;'>2021-Jul-05 14:57:31,971 : &nbsp;XML Test    : com.mcmp.tests.orderIntegration.vra.e2e.e2eCentOS77CompositeVRA82</div>]]>
    </line>
    <line>
      <![CDATA[<div style='color: black; font-size: small; border-botton: none;'>2021-Jul-05 14:57:31,974 : &nbsp;Thread Name : TestNG-tests-1</div>]]>
    </line>
    <line>
      <![CDATA[<div style='color: black; font-size: small; border-botton: none;'>2021-Jul-05 14:57:31,975 : &nbsp;Thread ID : 18</div>]]>
    </line>
    <line>
      <![CDATA[<div style='color: black; font-size: small; border-botton: none;'>2021-Jul-05 14:57:31,975 : &nbsp;-------------------------------------------------------</div>]]>
    </line>
    <line>
      <![CDATA[<div style='color: black; font-size: small; border-bottom: solid 1px silver;'>2021-Jul-05 14:57:31,997 : &nbsp;automacent internal set parameters (OFF, 0, 0, 0, 10, 0, ON, , org.testng.TestRunner@359810b2)</div>]]>
    </line>
    <line>
      <![CDATA[<div style='color: black; font-size: small; border-botton: none;'>2021-Jul-05 14:57:31,970 : &nbsp;----------------- Starting XML Test -------------------</div>]]>
    </line>
    <line>
      <![CDATA[<div style='color: black; font-size: small; border-botton: none;'>2021-Jul-05 14:57:31,971 : &nbsp;XML Test    : com.mcmp.tests.LoginTest</div>]]>
    </line>
    <line>
      <![CDATA[<div style='color: black; font-size: small; border-botton: none;'>2021-Jul-05 14:57:31,974 : &nbsp;Thread Name : TestNG-tests-2</div>]]>
    </line>
    <line>
      <![CDATA[<div style='color: black; font-size: small; border-botton: none;'>2021-Jul-05 14:57:31,974 : &nbsp;Thread ID : 19</div>]]>
    </line>
    <line>
      <![CDATA[<div style='color: black; font-size: small; border-botton: none;'>2021-Jul-05 14:57:31,975 : &nbsp;-------------------------------------------------------</div>]]>
    </line>
    <line>
      <![CDATA[<div style='color: black; font-size: small; border-bottom: solid 1px silver;'>2021-Jul-05 14:57:31,997 : &nbsp;automacent internal set parameters (OFF, 0, 0, 0, 10, 0, ON, , org.testng.TestRunner@1f518e29)</div>]]>
    </line>
    <line>
      <![CDATA[<div style='color: black; font-size: small; border-botton: none;'>2021-Jul-05 14:57:31,997 : &nbsp;&nbsp;&nbsp;&nbsp;&nbsp;Constructing Test Object for threadId 18</div>]]>
    </line>
    <line>
      <![CDATA[<div style='color: black; font-size: small; border-botton: none;'>2021-Jul-05 14:57:31,998 : &nbsp;&nbsp;&nbsp;&nbsp;&nbsp;Setting test context org.testng.TestRunner@359810b2</div>]]>
    </line>
    <line>
      <![CDATA[<div style='color: black; font-size: small; border-botton: none;'>2021-Jul-05 14:57:31,999 : &nbsp;&nbsp;&nbsp;&nbsp;&nbsp;Constructing Test Object for threadId 19</div>]]>
    </line>
    <line>
      <![CDATA[<div style='color: black; font-size: small; border-botton: none;'>2021-Jul-05 14:57:31,999 : &nbsp;&nbsp;&nbsp;&nbsp;&nbsp;testName set to com.mcmp.tests.orderIntegration.vra.e2e.e2eCentOS77CompositeVRA82</div>]]>
    </line>
    <line>
      <![CDATA[<div style='color: black; font-size: small; border-botton: none;'>2021-Jul-05 14:57:31,999 : &nbsp;&nbsp;&nbsp;&nbsp;&nbsp;Setting test context org.testng.TestRunner@1f518e29</div>]]>
    </line>
    <line>
      <![CDATA[<div style='color: black; font-size: small; border-botton: none;'>2021-Jul-05 14:57:31,999 : &nbsp;&nbsp;&nbsp;&nbsp;&nbsp;repeatMode set to OFF</div>]]>
    </line>
    <line>
      <![CDATA[<div style='color: black; font-size: small; border-botton: none;'>2021-Jul-05 14:57:31,999 : &nbsp;&nbsp;&nbsp;&nbsp;&nbsp;testName set to com.mcmp.tests.LoginTest</div>]]>
    </line>
    <line>
      <![CDATA[<div style='color: black; font-size: small; border-botton: none;'>2021-Jul-05 14:57:32,000 : &nbsp;&nbsp;&nbsp;&nbsp;&nbsp;testDurationInSeconds set to 0</div>]]>
    </line>
    <line>
      <![CDATA[<div style='color: black; font-size: small; border-botton: none;'>2021-Jul-05 14:57:32,000 : &nbsp;&nbsp;&nbsp;&nbsp;&nbsp;repeatMode set to OFF</div>]]>
    </line>
    <line>
      <![CDATA[<div style='color: black; font-size: small; border-botton: none;'>2021-Jul-05 14:57:32,000 : &nbsp;&nbsp;&nbsp;&nbsp;&nbsp;invocationCount set to 0</div>]]>
    </line>
    <line>
      <![CDATA[<div style='color: black; font-size: small; border-botton: none;'>2021-Jul-05 14:57:32,000 : &nbsp;&nbsp;&nbsp;&nbsp;&nbsp;testDurationInSeconds set to 0</div>]]>
    </line>
    <line>
      <![CDATA[<div style='color: black; font-size: small; border-botton: none;'>2021-Jul-05 14:57:32,001 : &nbsp;&nbsp;&nbsp;&nbsp;&nbsp;delayBetweenIterationInSeconds set to 0</div>]]>
    </line>
    <line>
      <![CDATA[<div style='color: black; font-size: small; border-botton: none;'>2021-Jul-05 14:57:32,001 : &nbsp;&nbsp;&nbsp;&nbsp;&nbsp;invocationCount set to 0</div>]]>
    </line>
    <line>
      <![CDATA[<div style='color: black; font-size: small; border-botton: none;'>2021-Jul-05 14:57:32,001 : &nbsp;&nbsp;&nbsp;&nbsp;&nbsp;timeoutInSeconds set to 10</div>]]>
    </line>
    <line>
      <![CDATA[<div style='color: black; font-size: small; border-botton: none;'>2021-Jul-05 14:57:32,001 : &nbsp;&nbsp;&nbsp;&nbsp;&nbsp;delayBetweenIterationInSeconds set to 0</div>]]>
    </line>
    <line>
      <![CDATA[<div style='color: black; font-size: small; border-botton: none;'>2021-Jul-05 14:57:32,001 : &nbsp;&nbsp;&nbsp;&nbsp;&nbsp;slowdownDurationInSeconds set to 0</div>]]>
    </line>
    <line>
      <![CDATA[<div style='color: black; font-size: small; border-botton: none;'>2021-Jul-05 14:57:32,002 : &nbsp;&nbsp;&nbsp;&nbsp;&nbsp;timeoutInSeconds set to 10</div>]]>
    </line>
    <line>
      <![CDATA[<div style='color: black; font-size: small; border-botton: none;'>2021-Jul-05 14:57:32,002 : &nbsp;&nbsp;&nbsp;&nbsp;&nbsp;retryMode set to ON</div>]]>
    </line>
    <line>
      <![CDATA[<div style='color: black; font-size: small; border-botton: none;'>2021-Jul-05 14:57:32,002 : &nbsp;&nbsp;&nbsp;&nbsp;&nbsp;slowdownDurationInSeconds set to 0</div>]]>
    </line>
    <line>
      <![CDATA[<div style='color: black; font-size: small; border-botton: none;'>2021-Jul-05 14:57:32,003 : &nbsp;&nbsp;&nbsp;&nbsp;&nbsp;retryMode set to ON</div>]]>
    </line>
    <line>
      <![CDATA[<div style='color: black; font-size: small; border-botton: none;'>2021-Jul-05 14:57:32,005 : &nbsp;&nbsp;&nbsp;&nbsp;&nbsp;No Recovery classes specified</div>]]>
    </line>
    <line>
      <![CDATA[<div style='color: black; font-size: small; border-botton: none;'>2021-Jul-05 14:57:32,005 : &nbsp;&nbsp;&nbsp;&nbsp;&nbsp;No Recovery classes specified</div>]]>
    </line>
    <line>
      <![CDATA[<div style='color: black; font-size: small; border-bottom: solid 1px silver;'>2021-Jul-05 14:57:32,006 : &nbsp;automacent internal set parameters completed successfully</div>]]>
    </line>
    <line>
      <![CDATA[<div style='color: black; font-size: small; border-bottom: solid 1px silver;'>2021-Jul-05 14:57:32,006 : &nbsp;automacent internal set parameters completed successfully</div>]]>
    </line>
    <line>
      <![CDATA[<div style='color: black; font-size: small; border-bottom: solid 1px silver;'>2021-Jul-05 14:57:32,009 : &nbsp;automacent internal set web test parameters (Google Chrome, , BROWSER_SCREENSHOT, AFTER_ACTION, LAST_ITERATION, https://mcmp-stagedal-master-autoui.mul... 14 more chars ..., org.testng.TestRunner@359810b2)</div>]]>
    </line>
    <line>
      <![CDATA[<div style='color: black; font-size: small; border-bottom: solid 1px silver;'>2021-Jul-05 14:57:32,010 : &nbsp;automacent internal set web test parameters (Google Chrome, , BROWSER_SCREENSHOT, AFTER_ACTION, LAST_ITERATION, https://mcmp-stagedal-master-autoui.mul... 14 more chars ..., org.testng.TestRunner@1f518e29)</div>]]>
    </line>
    <line>
      <![CDATA[<div style='color: black; font-size: small; border-botton: none;'>2021-Jul-05 14:57:32,012 : &nbsp;&nbsp;&nbsp;&nbsp;&nbsp;Browser set to Google Chrome</div>]]>
    </line>
    <line>
      <![CDATA[<div style='color: black; font-size: small; border-botton: none;'>2021-Jul-05 14:57:32,013 : &nbsp;&nbsp;&nbsp;&nbsp;&nbsp;Browser set to Google Chrome</div>]]>
    </line>
    <line>
      <![CDATA[<div style='color: black; font-size: small; border-botton: none;'>2021-Jul-05 14:57:32,013 : &nbsp;&nbsp;&nbsp;&nbsp;&nbsp;screenshotType set to BROWSER_SCREENSHOT</div>]]>
    </line>
    <line>
      <![CDATA[<div style='color: black; font-size: small; border-botton: none;'>2021-Jul-05 14:57:32,014 : &nbsp;&nbsp;&nbsp;&nbsp;&nbsp;screenshotType set to BROWSER_SCREENSHOT</div>]]>
    </line>
    <line>
      <![CDATA[<div style='color: black; font-size: small; border-botton: none;'>2021-Jul-05 14:57:32,016 : &nbsp;&nbsp;&nbsp;&nbsp;&nbsp;screenshotModes set to [AFTER_ACTION, ON_FAILURE]</div>]]>
    </line>
    <line>
      <![CDATA[<div style='color: black; font-size: small; border-botton: none;'>2021-Jul-05 14:57:32,016 : &nbsp;&nbsp;&nbsp;&nbsp;&nbsp;screenshotModes set to [AFTER_ACTION, ON_FAILURE]</div>]]>
    </line>
    <line>
      <![CDATA[<div style='color: black; font-size: small; border-botton: none;'>2021-Jul-05 14:57:32,016 : &nbsp;&nbsp;&nbsp;&nbsp;&nbsp;screenshotModeForIteration set to LAST_ITERATION</div>]]>
    </line>
    <line>
      <![CDATA[<div style='color: black; font-size: small; border-botton: none;'>2021-Jul-05 14:57:32,016 : &nbsp;&nbsp;&nbsp;&nbsp;&nbsp;screenshotModeForIteration set to LAST_ITERATION</div>]]>
    </line>
    <line>
      <![CDATA[<div style='color: black; font-size: small; border-bottom: solid 1px silver;'>2021-Jul-05 14:57:32,017 : &nbsp;automacent internal set web test parameters completed successfully</div>]]>
    </line>
    <line>
      <![CDATA[<div style='color: black; font-size: small; border-bottom: solid 1px silver;'>2021-Jul-05 14:57:32,017 : &nbsp;automacent internal set web test parameters completed successfully</div>]]>
    </line>
    <line>
      <![CDATA[<div style='color: black; font-size: small; border-botton: none;'>2021-Jul-05 14:57:32,021 : &nbsp;------------------ Execution Order --------------------</div>]]>
    </line>
    <line>
      <![CDATA[<div style='color: black; font-size: small; border-botton: none;'>2021-Jul-05 14:57:32,021 : &nbsp;XML Test  : com.mcmp.tests.orderIntegration.vra.e2e.e2eCentOS77CompositeVRA82</div>]]>
    </line>
    <line>
      <![CDATA[<div style='color: black; font-size: small; border-botton: none;'>2021-Jul-05 14:57:32,022 : &nbsp;@Test     : com.mcmp.tests.LoginTest.loginTest</div>]]>
    </line>
    <line>
      <![CDATA[<div style='color: black; font-size: small; border-botton: none;'>2021-Jul-05 14:57:32,022 : &nbsp;@Test     : com.mcmp.tests.orderIntegration.vra.e2e.e2eCentOS77CompositeVRA82.verifyAdditionalParameters</div>]]>
    </line>
    <line>
      <![CDATA[<div style='color: black; font-size: small; border-botton: none;'>2021-Jul-05 14:57:32,022 : &nbsp;@Test     : com.mcmp.tests.orderIntegration.vra.e2e.e2eCentOS77CompositeVRA82.verifyMainParameters</div>]]>
    </line>
    <line>
      <![CDATA[<div style='color: black; font-size: small; border-botton: none;'>2021-Jul-05 14:57:32,022 : &nbsp;-------------------------------------------------------</div>]]>
    </line>
    <line>
      <![CDATA[<div style='color: black; font-size: small; border-bottom: solid 1px silver;'>2021-Jul-05 14:57:32,036 : &nbsp;automacent internal set parameters (OFF, 0, 0, 0, 10, 0, ON, , org.testng.TestRunner@359810b2)</div>]]>
    </line>
    <line>
      <![CDATA[<div style='color: black; font-size: small; border-botton: none;'>2021-Jul-05 14:57:32,021 : &nbsp;------------------ Execution Order --------------------</div>]]>
    </line>
    <line>
      <![CDATA[<div style='color: black; font-size: small; border-botton: none;'>2021-Jul-05 14:57:32,021 : &nbsp;XML Test  : com.mcmp.tests.LoginTest</div>]]>
    </line>
    <line>
      <![CDATA[<div style='color: black; font-size: small; border-botton: none;'>2021-Jul-05 14:57:32,021 : &nbsp;@Test     : com.mcmp.tests.LoginTest.loginTest</div>]]>
    </line>
    <line>
      <![CDATA[<div style='color: black; font-size: small; border-botton: none;'>2021-Jul-05 14:57:32,022 : &nbsp;-------------------------------------------------------</div>]]>
    </line>
    <line>
      <![CDATA[<div style='color: black; font-size: small; border-bottom: solid 1px silver;'>2021-Jul-05 14:57:32,037 : &nbsp;automacent internal set parameters (OFF, 0, 0, 0, 10, 0, ON, , org.testng.TestRunner@1f518e29)</div>]]>
    </line>
    <line>
      <![CDATA[<div style='color: black; font-size: small; border-botton: none;'>2021-Jul-05 14:57:32,037 : &nbsp;&nbsp;&nbsp;&nbsp;&nbsp;Setting test context org.testng.TestRunner@359810b2</div>]]>
    </line>
    <line>
      <![CDATA[<div style='color: black; font-size: small; border-botton: none;'>2021-Jul-05 14:57:32,037 : &nbsp;&nbsp;&nbsp;&nbsp;&nbsp;Setting test context org.testng.TestRunner@1f518e29</div>]]>
    </line>
    <line>
      <![CDATA[<div style='color: black; font-size: small; border-botton: none;'>2021-Jul-05 14:57:32,037 : &nbsp;&nbsp;&nbsp;&nbsp;&nbsp;testName set to com.mcmp.tests.orderIntegration.vra.e2e.e2eCentOS77CompositeVRA82</div>]]>
    </line>
    <line>
      <![CDATA[<div style='color: black; font-size: small; border-botton: none;'>2021-Jul-05 14:57:32,037 : &nbsp;&nbsp;&nbsp;&nbsp;&nbsp;testName set to com.mcmp.tests.LoginTest</div>]]>
    </line>
    <line>
      <![CDATA[<div style='color: black; font-size: small; border-botton: none;'>2021-Jul-05 14:57:32,038 : &nbsp;&nbsp;&nbsp;&nbsp;&nbsp;repeatMode set to OFF</div>]]>
    </line>
    <line>
      <![CDATA[<div style='color: black; font-size: small; border-botton: none;'>2021-Jul-05 14:57:32,038 : &nbsp;&nbsp;&nbsp;&nbsp;&nbsp;repeatMode set to OFF</div>]]>
    </line>
    <line>
      <![CDATA[<div style='color: black; font-size: small; border-botton: none;'>2021-Jul-05 14:57:32,038 : &nbsp;&nbsp;&nbsp;&nbsp;&nbsp;testDurationInSeconds set to 0</div>]]>
    </line>
    <line>
      <![CDATA[<div style='color: black; font-size: small; border-botton: none;'>2021-Jul-05 14:57:32,038 : &nbsp;&nbsp;&nbsp;&nbsp;&nbsp;testDurationInSeconds set to 0</div>]]>
    </line>
    <line>
      <![CDATA[<div style='color: black; font-size: small; border-botton: none;'>2021-Jul-05 14:57:32,038 : &nbsp;&nbsp;&nbsp;&nbsp;&nbsp;invocationCount set to 0</div>]]>
    </line>
    <line>
      <![CDATA[<div style='color: black; font-size: small; border-botton: none;'>2021-Jul-05 14:57:32,039 : &nbsp;&nbsp;&nbsp;&nbsp;&nbsp;invocationCount set to 0</div>]]>
    </line>
    <line>
      <![CDATA[<div style='color: black; font-size: small; border-botton: none;'>2021-Jul-05 14:57:32,039 : &nbsp;&nbsp;&nbsp;&nbsp;&nbsp;delayBetweenIterationInSeconds set to 0</div>]]>
    </line>
    <line>
      <![CDATA[<div style='color: black; font-size: small; border-botton: none;'>2021-Jul-05 14:57:32,039 : &nbsp;&nbsp;&nbsp;&nbsp;&nbsp;delayBetweenIterationInSeconds set to 0</div>]]>
    </line>
    <line>
      <![CDATA[<div style='color: black; font-size: small; border-botton: none;'>2021-Jul-05 14:57:32,039 : &nbsp;&nbsp;&nbsp;&nbsp;&nbsp;timeoutInSeconds set to 10</div>]]>
    </line>
    <line>
      <![CDATA[<div style='color: black; font-size: small; border-botton: none;'>2021-Jul-05 14:57:32,039 : &nbsp;&nbsp;&nbsp;&nbsp;&nbsp;timeoutInSeconds set to 10</div>]]>
    </line>
    <line>
      <![CDATA[<div style='color: black; font-size: small; border-botton: none;'>2021-Jul-05 14:57:32,039 : &nbsp;&nbsp;&nbsp;&nbsp;&nbsp;slowdownDurationInSeconds set to 0</div>]]>
    </line>
    <line>
      <![CDATA[<div style='color: black; font-size: small; border-botton: none;'>2021-Jul-05 14:57:32,039 : &nbsp;&nbsp;&nbsp;&nbsp;&nbsp;slowdownDurationInSeconds set to 0</div>]]>
    </line>
    <line>
      <![CDATA[<div style='color: black; font-size: small; border-botton: none;'>2021-Jul-05 14:57:32,040 : &nbsp;&nbsp;&nbsp;&nbsp;&nbsp;retryMode set to ON</div>]]>
    </line>
    <line>
      <![CDATA[<div style='color: black; font-size: small; border-botton: none;'>2021-Jul-05 14:57:32,040 : &nbsp;&nbsp;&nbsp;&nbsp;&nbsp;retryMode set to ON</div>]]>
    </line>
    <line>
      <![CDATA[<div style='color: black; font-size: small; border-botton: none;'>2021-Jul-05 14:57:32,040 : &nbsp;&nbsp;&nbsp;&nbsp;&nbsp;No Recovery classes specified</div>]]>
    </line>
    <line>
      <![CDATA[<div style='color: black; font-size: small; border-botton: none;'>2021-Jul-05 14:57:32,040 : &nbsp;&nbsp;&nbsp;&nbsp;&nbsp;No Recovery classes specified</div>]]>
    </line>
    <line>
      <![CDATA[<div style='color: black; font-size: small; border-bottom: solid 1px silver;'>2021-Jul-05 14:57:32,041 : &nbsp;automacent internal set parameters completed successfully</div>]]>
    </line>
    <line>
      <![CDATA[<div style='color: black; font-size: small; border-bottom: solid 1px silver;'>2021-Jul-05 14:57:32,041 : &nbsp;automacent internal set parameters completed successfully</div>]]>
    </line>
    <line>
      <![CDATA[<div style='color: black; font-size: small; border-bottom: solid 1px silver;'>2021-Jul-05 14:57:32,043 : &nbsp;setup browser and load url</div>]]>
    </line>
    <line>
      <![CDATA[<div style='color: black; font-size: small; border-bottom: solid 1px silver;'>2021-Jul-05 14:57:32,043 : &nbsp;setup browser and load url</div>]]>
    </line>
    <line>
      <![CDATA[<div style='color: black; font-size: small; border-botton: none;'>2021-Jul-05 14:57:32,044 : &nbsp;&nbsp;&nbsp;&nbsp;&nbsp;Cloning Default Driver</div>]]>
    </line>
    <line>
      <![CDATA[<div style='color: black; font-size: small; border-botton: none;'>2021-Jul-05 14:57:32,044 : &nbsp;&nbsp;&nbsp;&nbsp;&nbsp;Cloning Default Driver</div>]]>
    </line>
    <line>
      <![CDATA[<div style='color: black; font-size: small; border-botton: none;'>2021-Jul-05 14:57:32,044 : &nbsp;&nbsp;&nbsp;&nbsp;&nbsp;No custom ieDriverLocation provided. Will use default</div>]]>
    </line>
    <line>
      <![CDATA[<div style='color: black; font-size: small; border-botton: none;'>2021-Jul-05 14:57:32,044 : &nbsp;&nbsp;&nbsp;&nbsp;&nbsp;No custom ieDriverLocation provided. Will use default</div>]]>
    </line>
    <line>
      <![CDATA[<div style='color: black; font-size: small; border-botton: none;'>2021-Jul-05 14:57:32,045 : &nbsp;&nbsp;&nbsp;&nbsp;&nbsp;No custom chromeDriverLocation provided. Will use default</div>]]>
    </line>
    <line>
      <![CDATA[<div style='color: black; font-size: small; border-botton: none;'>2021-Jul-05 14:57:32,045 : &nbsp;&nbsp;&nbsp;&nbsp;&nbsp;No custom chromeDriverLocation provided. Will use default</div>]]>
    </line>
    <line>
      <![CDATA[<div style='color: black; font-size: small; border-botton: none;'>2021-Jul-05 14:57:32,045 : &nbsp;&nbsp;&nbsp;&nbsp;&nbsp;No custom geckoDriverLocation provided. Will use default</div>]]>
    </line>
    <line>
      <![CDATA[<div style='color: black; font-size: small; border-botton: none;'>2021-Jul-05 14:57:32,045 : &nbsp;&nbsp;&nbsp;&nbsp;&nbsp;No custom geckoDriverLocation provided. Will use default</div>]]>
    </line>
    <line>
      <![CDATA[<div style='color: black; font-size: small; border-botton: none;'>2021-Jul-05 14:57:32,046 : &nbsp;&nbsp;&nbsp;&nbsp;&nbsp;scriptTimeoutInSeconds set to 900</div>]]>
    </line>
    <line>
      <![CDATA[<div style='color: black; font-size: small; border-botton: none;'>2021-Jul-05 14:57:32,046 : &nbsp;&nbsp;&nbsp;&nbsp;&nbsp;scriptTimeoutInSeconds set to 900</div>]]>
    </line>
    <line>
      <![CDATA[<div style='color: black; font-size: small; border-botton: none;'>2021-Jul-05 14:57:32,046 : &nbsp;&nbsp;&nbsp;&nbsp;&nbsp;pageLoadTimeoutInSeconds set to 900</div>]]>
    </line>
    <line>
      <![CDATA[<div style='color: black; font-size: small; border-botton: none;'>2021-Jul-05 14:57:32,046 : &nbsp;&nbsp;&nbsp;&nbsp;&nbsp;pageLoadTimeoutInSeconds set to 900</div>]]>
    </line>
    <line>
      <![CDATA[<div style='color: black; font-size: small; border-botton: none;'>2021-Jul-05 14:57:32,046 : &nbsp;&nbsp;&nbsp;&nbsp;&nbsp;socketTimeoutInSeconds set to 300</div>]]>
    </line>
    <line>
      <![CDATA[<div style='color: black; font-size: small; border-botton: none;'>2021-Jul-05 14:57:32,047 : &nbsp;&nbsp;&nbsp;&nbsp;&nbsp;socketTimeoutInSeconds set to 300</div>]]>
    </line>
    <line>
      <![CDATA[<div style='color: black; font-size: small; border-botton: none;'>2021-Jul-05 14:57:32,768 : &nbsp;&nbsp;&nbsp;&nbsp;&nbsp;Using chromeDriver from framework</div>]]>
    </line>
    <line>
      <![CDATA[<div style='color: black; font-size: small; border-botton: none;'>2021-Jul-05 14:57:32,782 : &nbsp;&nbsp;&nbsp;&nbsp;&nbsp;Using chromeDriver from framework</div>]]>
    </line>
    <line>
      <![CDATA[<div style='color: black; font-size: small; border-botton: none;'>2021-Jul-05 14:57:34,841 : &nbsp;&nbsp;&nbsp;&nbsp;&nbsp;Page Load timeout set to 900 seconds</div>]]>
    </line>
    <line>
      <![CDATA[<div style='color: black; font-size: small; border-botton: none;'>2021-Jul-05 14:57:34,909 : &nbsp;&nbsp;&nbsp;&nbsp;&nbsp;Implicit wait set on driver to 10 seconds</div>]]>
    </line>
    <line>
      <![CDATA[<div style='color: black; font-size: small; border-botton: none;'>2021-Jul-05 14:57:34,924 : &nbsp;&nbsp;&nbsp;&nbsp;&nbsp;Script timeout set on driver to 900 seconds</div>]]>
    </line>
    <line>
      <![CDATA[<div style='color: black; font-size: small; border-botton: none;'>2021-Jul-05 14:57:35,104 : &nbsp;&nbsp;&nbsp;&nbsp;&nbsp;Page Load timeout set to 900 seconds</div>]]>
    </line>
    <line>
      <![CDATA[<div style='color: black; font-size: small; border-botton: none;'>2021-Jul-05 14:57:35,124 : &nbsp;&nbsp;&nbsp;&nbsp;&nbsp;Implicit wait set on driver to 10 seconds</div>]]>
    </line>
    <line>
      <![CDATA[<div style='color: black; font-size: small; border-botton: none;'>2021-Jul-05 14:57:35,155 : &nbsp;&nbsp;&nbsp;&nbsp;&nbsp;Script timeout set on driver to 900 seconds</div>]]>
    </line>
    <line>
      <![CDATA[<div style='color: black; font-size: small; border-botton: none;'>2021-Jul-05 14:57:35,185 : &nbsp;&nbsp;&nbsp;&nbsp;&nbsp;Cookies deleted</div>]]>
    </line>
    <line>
      <![CDATA[<div style='color: black; font-size: small; border-botton: none;'>2021-Jul-05 14:57:35,505 : &nbsp;&nbsp;&nbsp;&nbsp;&nbsp;Cookies deleted</div>]]>
    </line>
    <line>
      <![CDATA[<div style='color: black; font-size: small; border-bottom: solid 1px silver;'>2021-Jul-05 14:57:43,372 : &nbsp;setup browser and load url completed successfully</div>]]>
    </line>
    <line>
      <![CDATA[<div style='color: black; font-size: small; border-bottom: solid 1px silver;'>2021-Jul-05 14:57:43,392 : &nbsp;setup browser and load url completed successfully</div>]]>
    </line>
    <line>
      <![CDATA[<div style='color: black; font-size: small; border-bottom: solid 1px silver;'>2021-Jul-05 14:57:43,866 : &nbsp;login (uiautomcmpuser@outlook.com, Automcmpuser@000)</div>]]>
    </line>
    <line>
      <![CDATA[<div style='color: black; font-size: small; border-botton: none;'>2021-Jul-05 14:57:43,873 : &nbsp;&nbsp;&nbsp;&nbsp;&nbsp;&nbsp;&nbsp;confirm login page is loaded</div>]]>
    </line>
    <line>
      <![CDATA[<div style='color: black; font-size: small; border-botton: none;'>2021-Jul-05 14:57:43,876 : &nbsp;&nbsp;&nbsp;&nbsp;&nbsp;&nbsp;&nbsp;&nbsp;&nbsp;&nbsp;&nbsp;validate login page is loaded</div>]]>
    </line>
    <line>
      <![CDATA[<div style='color: black; font-size: small; border-botton: none;'>2021-Jul-05 14:57:43,877 : &nbsp;&nbsp;&nbsp;&nbsp;&nbsp;&nbsp;&nbsp;&nbsp;&nbsp;&nbsp;&nbsp;&nbsp;&nbsp;&nbsp;&nbsp;is user name field found?</div>]]>
    </line>
    <line>
      <![CDATA[<div style='color: black; font-size: small; border-botton: none;'>2021-Jul-05 14:57:43,917 : &nbsp;&nbsp;&nbsp;&nbsp;&nbsp;&nbsp;&nbsp;&nbsp;&nbsp;&nbsp;&nbsp;&nbsp;&nbsp;&nbsp;&nbsp;&nbsp;&nbsp;&nbsp;&nbsp;proxy element located (webelement)</div>]]>
    </line>
    <line>
      <![CDATA[<div style='color: black; font-size: small; border-bottom: solid 1px silver;'>2021-Jul-05 14:57:44,094 : &nbsp;login (uiautomcmpuser@outlook.com, Automcmpuser@000)</div>]]>
    </line>
    <line>
      <![CDATA[<div style='color: black; font-size: small; border-botton: none;'>2021-Jul-05 14:57:44,094 : &nbsp;&nbsp;&nbsp;&nbsp;&nbsp;&nbsp;&nbsp;confirm login page is loaded</div>]]>
    </line>
    <line>
      <![CDATA[<div style='color: black; font-size: small; border-botton: none;'>2021-Jul-05 14:57:44,095 : &nbsp;&nbsp;&nbsp;&nbsp;&nbsp;&nbsp;&nbsp;&nbsp;&nbsp;&nbsp;&nbsp;validate login page is loaded</div>]]>
    </line>
    <line>
      <![CDATA[<div style='color: black; font-size: small; border-botton: none;'>2021-Jul-05 14:57:44,096 : &nbsp;&nbsp;&nbsp;&nbsp;&nbsp;&nbsp;&nbsp;&nbsp;&nbsp;&nbsp;&nbsp;&nbsp;&nbsp;&nbsp;&nbsp;is user name field found?</div>]]>
    </line>
    <line>
      <![CDATA[<div style='color: black; font-size: small; border-botton: none;'>2021-Jul-05 14:57:44,104 : &nbsp;&nbsp;&nbsp;&nbsp;&nbsp;&nbsp;&nbsp;&nbsp;&nbsp;&nbsp;&nbsp;&nbsp;&nbsp;&nbsp;&nbsp;&nbsp;&nbsp;&nbsp;&nbsp;proxy element located (webelement)</div>]]>
    </line>
    <line>
      <![CDATA[<div style='color: black; font-size: small; border-botton: none;'>2021-Jul-05 14:57:44,174 : &nbsp;&nbsp;&nbsp;&nbsp;&nbsp;&nbsp;&nbsp;&nbsp;&nbsp;&nbsp;&nbsp;&nbsp;&nbsp;&nbsp;&nbsp;&nbsp;&nbsp;&nbsp;&nbsp;AFTER_ACTION screenshot --&gt;<a href='..\screenshots\itr_com.mcmp.tests.LoginTest_0\scr1.png'><img src='..\screenshots\itr_com.mcmp.tests.LoginTest_0\scr1.png' style='height:25%; width:25%;' alt='itr_com.mcmp.tests.LoginTest_0'/></a></div>]]>
    </line>
    <line>
      <![CDATA[<div style='color: black; font-size: small; border-botton: none;'>2021-Jul-05 14:57:44,175 : &nbsp;&nbsp;&nbsp;&nbsp;&nbsp;&nbsp;&nbsp;&nbsp;&nbsp;&nbsp;&nbsp;&nbsp;&nbsp;&nbsp;&nbsp;&nbsp;&nbsp;&nbsp;&nbsp;Is Screenshot taken true</div>]]>
    </line>
    <line>
      <![CDATA[<div style='color: black; font-size: small; border-botton: none;'>2021-Jul-05 14:57:44,324 : &nbsp;&nbsp;&nbsp;&nbsp;&nbsp;&nbsp;&nbsp;&nbsp;&nbsp;&nbsp;&nbsp;&nbsp;&nbsp;&nbsp;&nbsp;&nbsp;&nbsp;&nbsp;&nbsp;AFTER_ACTION screenshot --&gt;<a href='..\screenshots\itr_com.mcmp.tests.orderIntegration.vra.e2e.e2eCentOS77CompositeVRA82_0\scr2.png'><img src='..\screenshots\itr_com.mcmp.tests.orderIntegration.vra.e2e.e2eCentOS77CompositeVRA82_0\scr2.png' style='height:25%; width:25%;' alt='itr_com.mcmp.tests.orderIntegration.vra.e2e.e2eCentOS77CompositeVRA82_0'/></a></div>]]>
    </line>
    <line>
      <![CDATA[<div style='color: black; font-size: small; border-botton: none;'>2021-Jul-05 14:57:44,324 : &nbsp;&nbsp;&nbsp;&nbsp;&nbsp;&nbsp;&nbsp;&nbsp;&nbsp;&nbsp;&nbsp;&nbsp;&nbsp;&nbsp;&nbsp;&nbsp;&nbsp;&nbsp;&nbsp;Is Screenshot taken true</div>]]>
    </line>
    <line>
      <![CDATA[<div style='color: black; font-size: small; border-botton: none;'>2021-Jul-05 14:57:44,329 : &nbsp;&nbsp;&nbsp;&nbsp;&nbsp;&nbsp;&nbsp;&nbsp;&nbsp;&nbsp;&nbsp;&nbsp;&nbsp;&nbsp;&nbsp;is user name field found? true</div>]]>
    </line>
    <line>
      <![CDATA[<div style='color: black; font-size: small; border-botton: none;'>2021-Jul-05 14:57:44,447 : &nbsp;&nbsp;&nbsp;&nbsp;&nbsp;&nbsp;&nbsp;&nbsp;&nbsp;&nbsp;&nbsp;&nbsp;&nbsp;&nbsp;&nbsp;is user name field found? true</div>]]>
    </line>
    <line>
      <![CDATA[<div style='color: black; font-size: small; border-botton: none;'>2021-Jul-05 14:57:44,536 : &nbsp;&nbsp;&nbsp;&nbsp;&nbsp;&nbsp;&nbsp;&nbsp;&nbsp;&nbsp;&nbsp;&nbsp;&nbsp;&nbsp;&nbsp;AFTER_ACTION screenshot --&gt;<a href='..\screenshots\itr_com.mcmp.tests.LoginTest_0\scr3.png'><img src='..\screenshots\itr_com.mcmp.tests.LoginTest_0\scr3.png' style='height:25%; width:25%;' alt='itr_com.mcmp.tests.LoginTest_0'/></a></div>]]>
    </line>
    <line>
      <![CDATA[<div style='color: black; font-size: small; border-botton: none;'>2021-Jul-05 14:57:44,537 : &nbsp;&nbsp;&nbsp;&nbsp;&nbsp;&nbsp;&nbsp;&nbsp;&nbsp;&nbsp;&nbsp;&nbsp;&nbsp;&nbsp;&nbsp;Is Screenshot taken true</div>]]>
    </line>
    <line>
      <![CDATA[<div style='color: black; font-size: small; border-botton: none;'>2021-Jul-05 14:57:44,541 : &nbsp;&nbsp;&nbsp;&nbsp;&nbsp;&nbsp;&nbsp;&nbsp;&nbsp;&nbsp;&nbsp;&nbsp;&nbsp;&nbsp;&nbsp;is continue button found?</div>]]>
    </line>
    <line>
      <![CDATA[<div style='color: black; font-size: small; border-botton: none;'>2021-Jul-05 14:57:44,553 : &nbsp;&nbsp;&nbsp;&nbsp;&nbsp;&nbsp;&nbsp;&nbsp;&nbsp;&nbsp;&nbsp;&nbsp;&nbsp;&nbsp;&nbsp;&nbsp;&nbsp;&nbsp;&nbsp;proxy element located (webelement)</div>]]>
    </line>
    <line>
      <![CDATA[<div style='color: black; font-size: small; border-botton: none;'>2021-Jul-05 14:57:44,693 : &nbsp;&nbsp;&nbsp;&nbsp;&nbsp;&nbsp;&nbsp;&nbsp;&nbsp;&nbsp;&nbsp;&nbsp;&nbsp;&nbsp;&nbsp;AFTER_ACTION screenshot --&gt;<a href='..\screenshots\itr_com.mcmp.tests.orderIntegration.vra.e2e.e2eCentOS77CompositeVRA82_0\scr4.png'><img src='..\screenshots\itr_com.mcmp.tests.orderIntegration.vra.e2e.e2eCentOS77CompositeVRA82_0\scr4.png' style='height:25%; width:25%;' alt='itr_com.mcmp.tests.orderIntegration.vra.e2e.e2eCentOS77CompositeVRA82_0'/></a></div>]]>
    </line>
    <line>
      <![CDATA[<div style='color: black; font-size: small; border-botton: none;'>2021-Jul-05 14:57:44,694 : &nbsp;&nbsp;&nbsp;&nbsp;&nbsp;&nbsp;&nbsp;&nbsp;&nbsp;&nbsp;&nbsp;&nbsp;&nbsp;&nbsp;&nbsp;Is Screenshot taken true</div>]]>
    </line>
    <line>
      <![CDATA[<div style='color: black; font-size: small; border-botton: none;'>2021-Jul-05 14:57:44,695 : &nbsp;&nbsp;&nbsp;&nbsp;&nbsp;&nbsp;&nbsp;&nbsp;&nbsp;&nbsp;&nbsp;&nbsp;&nbsp;&nbsp;&nbsp;is continue button found?</div>]]>
    </line>
    <line>
      <![CDATA[<div style='color: black; font-size: small; border-botton: none;'>2021-Jul-05 14:57:44,707 : &nbsp;&nbsp;&nbsp;&nbsp;&nbsp;&nbsp;&nbsp;&nbsp;&nbsp;&nbsp;&nbsp;&nbsp;&nbsp;&nbsp;&nbsp;&nbsp;&nbsp;&nbsp;&nbsp;proxy element located (webelement)</div>]]>
    </line>
    <line>
      <![CDATA[<div style='color: black; font-size: small; border-botton: none;'>2021-Jul-05 14:57:44,796 : &nbsp;&nbsp;&nbsp;&nbsp;&nbsp;&nbsp;&nbsp;&nbsp;&nbsp;&nbsp;&nbsp;&nbsp;&nbsp;&nbsp;&nbsp;&nbsp;&nbsp;&nbsp;&nbsp;AFTER_ACTION screenshot --&gt;<a href='..\screenshots\itr_com.mcmp.tests.LoginTest_0\scr5.png'><img src='..\screenshots\itr_com.mcmp.tests.LoginTest_0\scr5.png' style='height:25%; width:25%;' alt='itr_com.mcmp.tests.LoginTest_0'/></a></div>]]>
    </line>
    <line>
      <![CDATA[<div style='color: black; font-size: small; border-botton: none;'>2021-Jul-05 14:57:44,797 : &nbsp;&nbsp;&nbsp;&nbsp;&nbsp;&nbsp;&nbsp;&nbsp;&nbsp;&nbsp;&nbsp;&nbsp;&nbsp;&nbsp;&nbsp;&nbsp;&nbsp;&nbsp;&nbsp;Is Screenshot taken true</div>]]>
    </line>
    <line>
      <![CDATA[<div style='color: black; font-size: small; border-botton: none;'>2021-Jul-05 14:57:44,936 : &nbsp;&nbsp;&nbsp;&nbsp;&nbsp;&nbsp;&nbsp;&nbsp;&nbsp;&nbsp;&nbsp;&nbsp;&nbsp;&nbsp;&nbsp;&nbsp;&nbsp;&nbsp;&nbsp;AFTER_ACTION screenshot --&gt;<a href='..\screenshots\itr_com.mcmp.tests.orderIntegration.vra.e2e.e2eCentOS77CompositeVRA82_0\scr6.png'><img src='..\screenshots\itr_com.mcmp.tests.orderIntegration.vra.e2e.e2eCentOS77CompositeVRA82_0\scr6.png' style='height:25%; width:25%;' alt='itr_com.mcmp.tests.orderIntegration.vra.e2e.e2eCentOS77CompositeVRA82_0'/></a></div>]]>
    </line>
    <line>
      <![CDATA[<div style='color: black; font-size: small; border-botton: none;'>2021-Jul-05 14:57:44,936 : &nbsp;&nbsp;&nbsp;&nbsp;&nbsp;&nbsp;&nbsp;&nbsp;&nbsp;&nbsp;&nbsp;&nbsp;&nbsp;&nbsp;&nbsp;&nbsp;&nbsp;&nbsp;&nbsp;Is Screenshot taken true</div>]]>
    </line>
    <line>
      <![CDATA[<div style='color: black; font-size: small; border-botton: none;'>2021-Jul-05 14:57:44,945 : &nbsp;&nbsp;&nbsp;&nbsp;&nbsp;&nbsp;&nbsp;&nbsp;&nbsp;&nbsp;&nbsp;&nbsp;&nbsp;&nbsp;&nbsp;is continue button found? true</div>]]>
    </line>
    <line>
      <![CDATA[<div style='color: black; font-size: small; border-botton: none;'>2021-Jul-05 14:57:45,068 : &nbsp;&nbsp;&nbsp;&nbsp;&nbsp;&nbsp;&nbsp;&nbsp;&nbsp;&nbsp;&nbsp;&nbsp;&nbsp;&nbsp;&nbsp;is continue button found? true</div>]]>
    </line>
    <line>
      <![CDATA[<div style='color: black; font-size: small; border-botton: none;'>2021-Jul-05 14:57:45,188 : &nbsp;&nbsp;&nbsp;&nbsp;&nbsp;&nbsp;&nbsp;&nbsp;&nbsp;&nbsp;&nbsp;&nbsp;&nbsp;&nbsp;&nbsp;AFTER_ACTION screenshot --&gt;<a href='..\screenshots\itr_com.mcmp.tests.LoginTest_0\scr7.png'><img src='..\screenshots\itr_com.mcmp.tests.LoginTest_0\scr7.png' style='height:25%; width:25%;' alt='itr_com.mcmp.tests.LoginTest_0'/></a></div>]]>
    </line>
    <line>
      <![CDATA[<div style='color: black; font-size: small; border-botton: none;'>2021-Jul-05 14:57:45,188 : &nbsp;&nbsp;&nbsp;&nbsp;&nbsp;&nbsp;&nbsp;&nbsp;&nbsp;&nbsp;&nbsp;&nbsp;&nbsp;&nbsp;&nbsp;Is Screenshot taken true</div>]]>
    </line>
    <line>
      <![CDATA[<div style='color: black; font-size: small; border-botton: none;'>2021-Jul-05 14:57:45,189 : &nbsp;&nbsp;&nbsp;&nbsp;&nbsp;&nbsp;&nbsp;perform login (uiautomcmpuser@outlook.com, Automcmpuser@000)</div>]]>
    </line>
    <line>
      <![CDATA[<div style='color: black; font-size: small; border-botton: none;'>2021-Jul-05 14:57:45,189 : &nbsp;&nbsp;&nbsp;&nbsp;&nbsp;&nbsp;&nbsp;&nbsp;&nbsp;&nbsp;&nbsp;enter user name (uiautomcmpuser@outlook.com)</div>]]>
    </line>
    <line>
      <![CDATA[<div style='color: black; font-size: small; border-botton: none;'>2021-Jul-05 14:57:45,269 : &nbsp;&nbsp;&nbsp;&nbsp;&nbsp;&nbsp;&nbsp;&nbsp;&nbsp;&nbsp;&nbsp;&nbsp;&nbsp;&nbsp;&nbsp;AFTER_ACTION screenshot --&gt;<a href='..\screenshots\itr_com.mcmp.tests.orderIntegration.vra.e2e.e2eCentOS77CompositeVRA82_0\scr8.png'><img src='..\screenshots\itr_com.mcmp.tests.orderIntegration.vra.e2e.e2eCentOS77CompositeVRA82_0\scr8.png' style='height:25%; width:25%;' alt='itr_com.mcmp.tests.orderIntegration.vra.e2e.e2eCentOS77CompositeVRA82_0'/></a></div>]]>
    </line>
    <line>
      <![CDATA[<div style='color: black; font-size: small; border-botton: none;'>2021-Jul-05 14:57:45,269 : &nbsp;&nbsp;&nbsp;&nbsp;&nbsp;&nbsp;&nbsp;&nbsp;&nbsp;&nbsp;&nbsp;&nbsp;&nbsp;&nbsp;&nbsp;Is Screenshot taken true</div>]]>
    </line>
    <line>
      <![CDATA[<div style='color: black; font-size: small; border-botton: none;'>2021-Jul-05 14:57:45,270 : &nbsp;&nbsp;&nbsp;&nbsp;&nbsp;&nbsp;&nbsp;perform login (uiautomcmpuser@outlook.com, Automcmpuser@000)</div>]]>
    </line>
    <line>
      <![CDATA[<div style='color: black; font-size: small; border-botton: none;'>2021-Jul-05 14:57:45,271 : &nbsp;&nbsp;&nbsp;&nbsp;&nbsp;&nbsp;&nbsp;&nbsp;&nbsp;&nbsp;&nbsp;enter user name (uiautomcmpuser@outlook.com)</div>]]>
    </line>
    <line>
      <![CDATA[<div style='color: black; font-size: small; border-botton: none;'>2021-Jul-05 14:57:45,572 : &nbsp;&nbsp;&nbsp;&nbsp;&nbsp;&nbsp;&nbsp;&nbsp;&nbsp;&nbsp;&nbsp;AFTER_ACTION screenshot --&gt;<a href='..\screenshots\itr_com.mcmp.tests.LoginTest_0\scr9.png'><img src='..\screenshots\itr_com.mcmp.tests.LoginTest_0\scr9.png' style='height:25%; width:25%;' alt='itr_com.mcmp.tests.LoginTest_0'/></a></div>]]>
    </line>
    <line>
      <![CDATA[<div style='color: black; font-size: small; border-botton: none;'>2021-Jul-05 14:57:45,572 : &nbsp;&nbsp;&nbsp;&nbsp;&nbsp;&nbsp;&nbsp;&nbsp;&nbsp;&nbsp;&nbsp;Is Screenshot taken true</div>]]>
    </line>
    <line>
      <![CDATA[<div style='color: black; font-size: small; border-botton: none;'>2021-Jul-05 14:57:45,573 : &nbsp;&nbsp;&nbsp;&nbsp;&nbsp;&nbsp;&nbsp;&nbsp;&nbsp;&nbsp;&nbsp;validate user name credentials (uiautomcmpuser@outlook.com)</div>]]>
    </line>
    <line>
      <![CDATA[<div style='color: black; font-size: small; border-botton: none;'>2021-Jul-05 14:57:45,573 : &nbsp;&nbsp;&nbsp;&nbsp;&nbsp;&nbsp;&nbsp;&nbsp;&nbsp;&nbsp;&nbsp;&nbsp;&nbsp;&nbsp;&nbsp;get user name</div>]]>
    </line>
    <line>
      <![CDATA[<div style='color: black; font-size: small; border-botton: none;'>2021-Jul-05 14:57:45,651 : &nbsp;&nbsp;&nbsp;&nbsp;&nbsp;&nbsp;&nbsp;&nbsp;&nbsp;&nbsp;&nbsp;AFTER_ACTION screenshot --&gt;<a href='..\screenshots\itr_com.mcmp.tests.orderIntegration.vra.e2e.e2eCentOS77CompositeVRA82_0\scr10.png'><img src='..\screenshots\itr_com.mcmp.tests.orderIntegration.vra.e2e.e2eCentOS77CompositeVRA82_0\scr10.png' style='height:25%; width:25%;' alt='itr_com.mcmp.tests.orderIntegration.vra.e2e.e2eCentOS77CompositeVRA82_0'/></a></div>]]>
    </line>
    <line>
      <![CDATA[<div style='color: black; font-size: small; border-botton: none;'>2021-Jul-05 14:57:45,652 : &nbsp;&nbsp;&nbsp;&nbsp;&nbsp;&nbsp;&nbsp;&nbsp;&nbsp;&nbsp;&nbsp;Is Screenshot taken true</div>]]>
    </line>
    <line>
      <![CDATA[<div style='color: black; font-size: small; border-botton: none;'>2021-Jul-05 14:57:45,654 : &nbsp;&nbsp;&nbsp;&nbsp;&nbsp;&nbsp;&nbsp;&nbsp;&nbsp;&nbsp;&nbsp;validate user name credentials (uiautomcmpuser@outlook.com)</div>]]>
    </line>
    <line>
      <![CDATA[<div style='color: black; font-size: small; border-botton: none;'>2021-Jul-05 14:57:45,655 : &nbsp;&nbsp;&nbsp;&nbsp;&nbsp;&nbsp;&nbsp;&nbsp;&nbsp;&nbsp;&nbsp;&nbsp;&nbsp;&nbsp;&nbsp;get user name</div>]]>
    </line>
    <line>
      <![CDATA[<div style='color: black; font-size: small; border-botton: none;'>2021-Jul-05 14:57:45,786 : &nbsp;&nbsp;&nbsp;&nbsp;&nbsp;&nbsp;&nbsp;&nbsp;&nbsp;&nbsp;&nbsp;&nbsp;&nbsp;&nbsp;&nbsp;AFTER_ACTION screenshot --&gt;<a href='..\screenshots\itr_com.mcmp.tests.LoginTest_0\scr11.png'><img src='..\screenshots\itr_com.mcmp.tests.LoginTest_0\scr11.png' style='height:25%; width:25%;' alt='itr_com.mcmp.tests.LoginTest_0'/></a></div>]]>
    </line>
    <line>
      <![CDATA[<div style='color: black; font-size: small; border-botton: none;'>2021-Jul-05 14:57:45,786 : &nbsp;&nbsp;&nbsp;&nbsp;&nbsp;&nbsp;&nbsp;&nbsp;&nbsp;&nbsp;&nbsp;&nbsp;&nbsp;&nbsp;&nbsp;Is Screenshot taken true</div>]]>
    </line>
    <line>
      <![CDATA[<div style='color: black; font-size: small; border-botton: none;'>2021-Jul-05 14:57:45,787 : &nbsp;&nbsp;&nbsp;&nbsp;&nbsp;&nbsp;&nbsp;&nbsp;&nbsp;&nbsp;&nbsp;click continue button</div>]]>
    </line>
    <line>
      <![CDATA[<div style='color: black; font-size: small; border-botton: none;'>2021-Jul-05 14:57:45,849 : &nbsp;&nbsp;&nbsp;&nbsp;&nbsp;&nbsp;&nbsp;&nbsp;&nbsp;&nbsp;&nbsp;&nbsp;&nbsp;&nbsp;&nbsp;AFTER_ACTION screenshot --&gt;<a href='..\screenshots\itr_com.mcmp.tests.orderIntegration.vra.e2e.e2eCentOS77CompositeVRA82_0\scr12.png'><img src='..\screenshots\itr_com.mcmp.tests.orderIntegration.vra.e2e.e2eCentOS77CompositeVRA82_0\scr12.png' style='height:25%; width:25%;' alt='itr_com.mcmp.tests.orderIntegration.vra.e2e.e2eCentOS77CompositeVRA82_0'/></a></div>]]>
    </line>
    <line>
      <![CDATA[<div style='color: black; font-size: small; border-botton: none;'>2021-Jul-05 14:57:45,849 : &nbsp;&nbsp;&nbsp;&nbsp;&nbsp;&nbsp;&nbsp;&nbsp;&nbsp;&nbsp;&nbsp;&nbsp;&nbsp;&nbsp;&nbsp;Is Screenshot taken true</div>]]>
    </line>
    <line>
      <![CDATA[<div style='color: black; font-size: small; border-botton: none;'>2021-Jul-05 14:57:45,850 : &nbsp;&nbsp;&nbsp;&nbsp;&nbsp;&nbsp;&nbsp;&nbsp;&nbsp;&nbsp;&nbsp;click continue button</div>]]>
    </line>
    <line>
      <![CDATA[<div style='color: black; font-size: small; border-botton: none;'>2021-Jul-05 14:57:46,075 : &nbsp;&nbsp;&nbsp;&nbsp;&nbsp;&nbsp;&nbsp;&nbsp;&nbsp;&nbsp;&nbsp;AFTER_ACTION screenshot --&gt;<a href='..\screenshots\itr_com.mcmp.tests.LoginTest_0\scr13.png'><img src='..\screenshots\itr_com.mcmp.tests.LoginTest_0\scr13.png' style='height:25%; width:25%;' alt='itr_com.mcmp.tests.LoginTest_0'/></a></div>]]>
    </line>
    <line>
      <![CDATA[<div style='color: black; font-size: small; border-botton: none;'>2021-Jul-05 14:57:46,075 : &nbsp;&nbsp;&nbsp;&nbsp;&nbsp;&nbsp;&nbsp;&nbsp;&nbsp;&nbsp;&nbsp;Is Screenshot taken true</div>]]>
    </line>
    <line>
      <![CDATA[<div style='color: black; font-size: small; border-botton: none;'>2021-Jul-05 14:57:46,076 : &nbsp;&nbsp;&nbsp;&nbsp;&nbsp;&nbsp;&nbsp;&nbsp;&nbsp;&nbsp;&nbsp;enter password (Automcmpuser@000)</div>]]>
    </line>
    <line>
      <![CDATA[<div style='color: black; font-size: small; border-botton: none;'>2021-Jul-05 14:57:46,169 : &nbsp;&nbsp;&nbsp;&nbsp;&nbsp;&nbsp;&nbsp;&nbsp;&nbsp;&nbsp;&nbsp;AFTER_ACTION screenshot --&gt;<a href='..\screenshots\itr_com.mcmp.tests.orderIntegration.vra.e2e.e2eCentOS77CompositeVRA82_0\scr14.png'><img src='..\screenshots\itr_com.mcmp.tests.orderIntegration.vra.e2e.e2eCentOS77CompositeVRA82_0\scr14.png' style='height:25%; width:25%;' alt='itr_com.mcmp.tests.orderIntegration.vra.e2e.e2eCentOS77CompositeVRA82_0'/></a></div>]]>
    </line>
    <line>
      <![CDATA[<div style='color: black; font-size: small; border-botton: none;'>2021-Jul-05 14:57:46,169 : &nbsp;&nbsp;&nbsp;&nbsp;&nbsp;&nbsp;&nbsp;&nbsp;&nbsp;&nbsp;&nbsp;Is Screenshot taken true</div>]]>
    </line>
    <line>
      <![CDATA[<div style='color: black; font-size: small; border-botton: none;'>2021-Jul-05 14:57:46,169 : &nbsp;&nbsp;&nbsp;&nbsp;&nbsp;&nbsp;&nbsp;&nbsp;&nbsp;&nbsp;&nbsp;enter password (Automcmpuser@000)</div>]]>
    </line>
    <line>
      <![CDATA[<div style='color: black; font-size: small; border-botton: none;'>2021-Jul-05 14:57:46,518 : &nbsp;&nbsp;&nbsp;&nbsp;&nbsp;&nbsp;&nbsp;&nbsp;&nbsp;&nbsp;&nbsp;AFTER_ACTION screenshot --&gt;<a href='..\screenshots\itr_com.mcmp.tests.LoginTest_0\scr15.png'><img src='..\screenshots\itr_com.mcmp.tests.LoginTest_0\scr15.png' style='height:25%; width:25%;' alt='itr_com.mcmp.tests.LoginTest_0'/></a></div>]]>
    </line>
    <line>
      <![CDATA[<div style='color: black; font-size: small; border-botton: none;'>2021-Jul-05 14:57:46,519 : &nbsp;&nbsp;&nbsp;&nbsp;&nbsp;&nbsp;&nbsp;&nbsp;&nbsp;&nbsp;&nbsp;Is Screenshot taken true</div>]]>
    </line>
    <line>
      <![CDATA[<div style='color: black; font-size: small; border-botton: none;'>2021-Jul-05 14:57:46,519 : &nbsp;&nbsp;&nbsp;&nbsp;&nbsp;&nbsp;&nbsp;&nbsp;&nbsp;&nbsp;&nbsp;validate password credentials (Automcmpuser@000)</div>]]>
    </line>
    <line>
      <![CDATA[<div style='color: black; font-size: small; border-botton: none;'>2021-Jul-05 14:57:46,520 : &nbsp;&nbsp;&nbsp;&nbsp;&nbsp;&nbsp;&nbsp;&nbsp;&nbsp;&nbsp;&nbsp;&nbsp;&nbsp;&nbsp;&nbsp;get password</div>]]>
    </line>
    <line>
      <![CDATA[<div style='color: black; font-size: small; border-botton: none;'>2021-Jul-05 14:57:46,595 : &nbsp;&nbsp;&nbsp;&nbsp;&nbsp;&nbsp;&nbsp;&nbsp;&nbsp;&nbsp;&nbsp;AFTER_ACTION screenshot --&gt;<a href='..\screenshots\itr_com.mcmp.tests.orderIntegration.vra.e2e.e2eCentOS77CompositeVRA82_0\scr16.png'><img src='..\screenshots\itr_com.mcmp.tests.orderIntegration.vra.e2e.e2eCentOS77CompositeVRA82_0\scr16.png' style='height:25%; width:25%;' alt='itr_com.mcmp.tests.orderIntegration.vra.e2e.e2eCentOS77CompositeVRA82_0'/></a></div>]]>
    </line>
    <line>
      <![CDATA[<div style='color: black; font-size: small; border-botton: none;'>2021-Jul-05 14:57:46,595 : &nbsp;&nbsp;&nbsp;&nbsp;&nbsp;&nbsp;&nbsp;&nbsp;&nbsp;&nbsp;&nbsp;Is Screenshot taken true</div>]]>
    </line>
    <line>
      <![CDATA[<div style='color: black; font-size: small; border-botton: none;'>2021-Jul-05 14:57:46,596 : &nbsp;&nbsp;&nbsp;&nbsp;&nbsp;&nbsp;&nbsp;&nbsp;&nbsp;&nbsp;&nbsp;validate password credentials (Automcmpuser@000)</div>]]>
    </line>
    <line>
      <![CDATA[<div style='color: black; font-size: small; border-botton: none;'>2021-Jul-05 14:57:46,597 : &nbsp;&nbsp;&nbsp;&nbsp;&nbsp;&nbsp;&nbsp;&nbsp;&nbsp;&nbsp;&nbsp;&nbsp;&nbsp;&nbsp;&nbsp;get password</div>]]>
    </line>
    <line>
      <![CDATA[<div style='color: black; font-size: small; border-botton: none;'>2021-Jul-05 14:57:46,708 : &nbsp;&nbsp;&nbsp;&nbsp;&nbsp;&nbsp;&nbsp;&nbsp;&nbsp;&nbsp;&nbsp;&nbsp;&nbsp;&nbsp;&nbsp;AFTER_ACTION screenshot --&gt;<a href='..\screenshots\itr_com.mcmp.tests.LoginTest_0\scr17.png'><img src='..\screenshots\itr_com.mcmp.tests.LoginTest_0\scr17.png' style='height:25%; width:25%;' alt='itr_com.mcmp.tests.LoginTest_0'/></a></div>]]>
    </line>
    <line>
      <![CDATA[<div style='color: black; font-size: small; border-botton: none;'>2021-Jul-05 14:57:46,709 : &nbsp;&nbsp;&nbsp;&nbsp;&nbsp;&nbsp;&nbsp;&nbsp;&nbsp;&nbsp;&nbsp;&nbsp;&nbsp;&nbsp;&nbsp;Is Screenshot taken true</div>]]>
    </line>
    <line>
      <![CDATA[<div style='color: black; font-size: small; border-botton: none;'>2021-Jul-05 14:57:46,709 : &nbsp;&nbsp;&nbsp;&nbsp;&nbsp;&nbsp;&nbsp;&nbsp;&nbsp;&nbsp;&nbsp;click login button</div>]]>
    </line>
    <line>
      <![CDATA[<div style='color: black; font-size: small; border-botton: none;'>2021-Jul-05 14:57:46,796 : &nbsp;&nbsp;&nbsp;&nbsp;&nbsp;&nbsp;&nbsp;&nbsp;&nbsp;&nbsp;&nbsp;&nbsp;&nbsp;&nbsp;&nbsp;AFTER_ACTION screenshot --&gt;<a href='..\screenshots\itr_com.mcmp.tests.orderIntegration.vra.e2e.e2eCentOS77CompositeVRA82_0\scr18.png'><img src='..\screenshots\itr_com.mcmp.tests.orderIntegration.vra.e2e.e2eCentOS77CompositeVRA82_0\scr18.png' style='height:25%; width:25%;' alt='itr_com.mcmp.tests.orderIntegration.vra.e2e.e2eCentOS77CompositeVRA82_0'/></a></div>]]>
    </line>
    <line>
      <![CDATA[<div style='color: black; font-size: small; border-botton: none;'>2021-Jul-05 14:57:46,797 : &nbsp;&nbsp;&nbsp;&nbsp;&nbsp;&nbsp;&nbsp;&nbsp;&nbsp;&nbsp;&nbsp;&nbsp;&nbsp;&nbsp;&nbsp;Is Screenshot taken true</div>]]>
    </line>
    <line>
      <![CDATA[<div style='color: black; font-size: small; border-botton: none;'>2021-Jul-05 14:57:46,798 : &nbsp;&nbsp;&nbsp;&nbsp;&nbsp;&nbsp;&nbsp;&nbsp;&nbsp;&nbsp;&nbsp;click login button</div>]]>
    </line>
    <line>
      <![CDATA[<div style='color: black; font-size: small; border-botton: none;'>2021-Jul-05 14:57:47,753 : &nbsp;&nbsp;&nbsp;&nbsp;&nbsp;&nbsp;&nbsp;&nbsp;&nbsp;&nbsp;&nbsp;AFTER_ACTION screenshot --&gt;<a href='..\screenshots\itr_com.mcmp.tests.LoginTest_0\scr19.png'><img src='..\screenshots\itr_com.mcmp.tests.LoginTest_0\scr19.png' style='height:25%; width:25%;' alt='itr_com.mcmp.tests.LoginTest_0'/></a></div>]]>
    </line>
    <line>
      <![CDATA[<div style='color: black; font-size: small; border-botton: none;'>2021-Jul-05 14:57:47,753 : &nbsp;&nbsp;&nbsp;&nbsp;&nbsp;&nbsp;&nbsp;&nbsp;&nbsp;&nbsp;&nbsp;Is Screenshot taken true</div>]]>
    </line>
    <line>
      <![CDATA[<div style='color: black; font-size: small; border-botton: none;'>2021-Jul-05 14:57:47,753 : &nbsp;&nbsp;&nbsp;&nbsp;&nbsp;&nbsp;&nbsp;check for login errors</div>]]>
    </line>
    <line>
      <![CDATA[<div style='color: black; font-size: small; border-botton: none;'>2021-Jul-05 14:57:47,754 : &nbsp;&nbsp;&nbsp;&nbsp;&nbsp;&nbsp;&nbsp;&nbsp;&nbsp;&nbsp;&nbsp;is login error found?</div>]]>
    </line>
    <line>
      <![CDATA[<div style='color: black; font-size: small; border-botton: none;'>2021-Jul-05 14:57:47,765 : &nbsp;&nbsp;&nbsp;&nbsp;&nbsp;&nbsp;&nbsp;&nbsp;&nbsp;&nbsp;&nbsp;&nbsp;&nbsp;&nbsp;&nbsp;proxy element located (webelement)</div>]]>
    </line>
    <line>
      <![CDATA[<div style='color: black; font-size: small; border-botton: none;'>2021-Jul-05 14:57:47,942 : &nbsp;&nbsp;&nbsp;&nbsp;&nbsp;&nbsp;&nbsp;&nbsp;&nbsp;&nbsp;&nbsp;AFTER_ACTION screenshot --&gt;<a href='..\screenshots\itr_com.mcmp.tests.orderIntegration.vra.e2e.e2eCentOS77CompositeVRA82_0\scr20.png'><img src='..\screenshots\itr_com.mcmp.tests.orderIntegration.vra.e2e.e2eCentOS77CompositeVRA82_0\scr20.png' style='height:25%; width:25%;' alt='itr_com.mcmp.tests.orderIntegration.vra.e2e.e2eCentOS77CompositeVRA82_0'/></a></div>]]>
    </line>
    <line>
      <![CDATA[<div style='color: black; font-size: small; border-botton: none;'>2021-Jul-05 14:57:47,942 : &nbsp;&nbsp;&nbsp;&nbsp;&nbsp;&nbsp;&nbsp;&nbsp;&nbsp;&nbsp;&nbsp;Is Screenshot taken true</div>]]>
    </line>
    <line>
      <![CDATA[<div style='color: black; font-size: small; border-botton: none;'>2021-Jul-05 14:57:47,942 : &nbsp;&nbsp;&nbsp;&nbsp;&nbsp;&nbsp;&nbsp;check for login errors</div>]]>
    </line>
    <line>
      <![CDATA[<div style='color: black; font-size: small; border-botton: none;'>2021-Jul-05 14:57:47,943 : &nbsp;&nbsp;&nbsp;&nbsp;&nbsp;&nbsp;&nbsp;&nbsp;&nbsp;&nbsp;&nbsp;is login error found?</div>]]>
    </line>
    <line>
      <![CDATA[<div style='color: black; font-size: small; border-botton: none;'>2021-Jul-05 14:57:47,954 : &nbsp;&nbsp;&nbsp;&nbsp;&nbsp;&nbsp;&nbsp;&nbsp;&nbsp;&nbsp;&nbsp;&nbsp;&nbsp;&nbsp;&nbsp;proxy element located (webelement)</div>]]>
    </line>
    <line>
      <![CDATA[<div style='color: black; font-size: small; border-botton: none;'>2021-Jul-05 14:57:47,967 : &nbsp;&nbsp;&nbsp;&nbsp;&nbsp;&nbsp;&nbsp;&nbsp;&nbsp;&nbsp;&nbsp;&nbsp;&nbsp;&nbsp;&nbsp;AFTER_ACTION screenshot --&gt;<a href='..\screenshots\itr_com.mcmp.tests.LoginTest_0\scr21.png'><img src='..\screenshots\itr_com.mcmp.tests.LoginTest_0\scr21.png' style='height:25%; width:25%;' alt='itr_com.mcmp.tests.LoginTest_0'/></a></div>]]>
    </line>
    <line>
      <![CDATA[<div style='color: black; font-size: small; border-botton: none;'>2021-Jul-05 14:57:47,968 : &nbsp;&nbsp;&nbsp;&nbsp;&nbsp;&nbsp;&nbsp;&nbsp;&nbsp;&nbsp;&nbsp;&nbsp;&nbsp;&nbsp;&nbsp;Is Screenshot taken true</div>]]>
    </line>
    <line>
      <![CDATA[<div style='color: black; font-size: small; border-botton: none;'>2021-Jul-05 14:57:48,081 : &nbsp;&nbsp;&nbsp;&nbsp;&nbsp;&nbsp;&nbsp;&nbsp;&nbsp;&nbsp;&nbsp;Stale Element Reference Exception occurred</div>]]>
    </line>
    <line>
      <![CDATA[<div style='color: black; font-size: small; border-botton: none;'>2021-Jul-05 14:57:48,142 : &nbsp;&nbsp;&nbsp;&nbsp;&nbsp;&nbsp;&nbsp;&nbsp;&nbsp;&nbsp;&nbsp;&nbsp;&nbsp;&nbsp;&nbsp;AFTER_ACTION screenshot --&gt;<a href='..\screenshots\itr_com.mcmp.tests.orderIntegration.vra.e2e.e2eCentOS77CompositeVRA82_0\scr22.png'><img src='..\screenshots\itr_com.mcmp.tests.orderIntegration.vra.e2e.e2eCentOS77CompositeVRA82_0\scr22.png' style='height:25%; width:25%;' alt='itr_com.mcmp.tests.orderIntegration.vra.e2e.e2eCentOS77CompositeVRA82_0'/></a></div>]]>
    </line>
    <line>
      <![CDATA[<div style='color: black; font-size: small; border-botton: none;'>2021-Jul-05 14:57:48,142 : &nbsp;&nbsp;&nbsp;&nbsp;&nbsp;&nbsp;&nbsp;&nbsp;&nbsp;&nbsp;&nbsp;&nbsp;&nbsp;&nbsp;&nbsp;Is Screenshot taken true</div>]]>
    </line>
    <line>
      <![CDATA[<div style='color: black; font-size: small; border-botton: none;'>2021-Jul-05 14:57:48,222 : &nbsp;&nbsp;&nbsp;&nbsp;&nbsp;&nbsp;&nbsp;&nbsp;&nbsp;&nbsp;&nbsp;Stale Element Reference Exception occurred</div>]]>
    </line>
    <line>
      <![CDATA[<div style='color: black; font-size: small; border-botton: none;'>2021-Jul-05 14:57:58,089 : &nbsp;&nbsp;&nbsp;&nbsp;&nbsp;&nbsp;&nbsp;&nbsp;&nbsp;&nbsp;&nbsp;Attempting to re-initialize page object</div>]]>
    </line>
    <line>
      <![CDATA[<div style='color: black; font-size: small; border-botton: none;'>2021-Jul-05 14:57:58,231 : &nbsp;&nbsp;&nbsp;&nbsp;&nbsp;&nbsp;&nbsp;&nbsp;&nbsp;&nbsp;&nbsp;Attempting to re-initialize page object</div>]]>
    </line>
    <line>
      <![CDATA[<div style='color: black; font-size: small; border-botton: none;'>2021-Jul-05 14:57:58,251 : &nbsp;&nbsp;&nbsp;&nbsp;&nbsp;&nbsp;&nbsp;&nbsp;&nbsp;&nbsp;&nbsp;Reinitialized page object</div>]]>
    </line>
    <line>
      <![CDATA[<div style='color: black; font-size: small; border-botton: none;'>2021-Jul-05 14:57:58,251 : &nbsp;&nbsp;&nbsp;&nbsp;&nbsp;&nbsp;&nbsp;&nbsp;&nbsp;&nbsp;&nbsp;Retrying action</div>]]>
    </line>
    <line>
      <![CDATA[<div style='color: black; font-size: small; border-botton: none;'>2021-Jul-05 14:57:58,262 : &nbsp;&nbsp;&nbsp;&nbsp;&nbsp;&nbsp;&nbsp;&nbsp;&nbsp;&nbsp;&nbsp;&nbsp;&nbsp;&nbsp;&nbsp;proxy element located (webelement)</div>]]>
    </line>
    <line>
      <![CDATA[<div style='color: black; font-size: small; border-botton: none;'>2021-Jul-05 14:57:58,376 : &nbsp;&nbsp;&nbsp;&nbsp;&nbsp;&nbsp;&nbsp;&nbsp;&nbsp;&nbsp;&nbsp;Reinitialized page object</div>]]>
    </line>
    <line>
      <![CDATA[<div style='color: black; font-size: small; border-botton: none;'>2021-Jul-05 14:57:58,377 : &nbsp;&nbsp;&nbsp;&nbsp;&nbsp;&nbsp;&nbsp;&nbsp;&nbsp;&nbsp;&nbsp;Retrying action</div>]]>
    </line>
    <line>
      <![CDATA[<div style='color: black; font-size: small; border-botton: none;'>2021-Jul-05 14:57:58,389 : &nbsp;&nbsp;&nbsp;&nbsp;&nbsp;&nbsp;&nbsp;&nbsp;&nbsp;&nbsp;&nbsp;&nbsp;&nbsp;&nbsp;&nbsp;proxy element located (webelement)</div>]]>
    </line>
    <line>
      <![CDATA[<div style='color: black; font-size: small; border-botton: none;'>2021-Jul-05 14:57:58,422 : &nbsp;&nbsp;&nbsp;&nbsp;&nbsp;&nbsp;&nbsp;&nbsp;&nbsp;&nbsp;&nbsp;&nbsp;&nbsp;&nbsp;&nbsp;AFTER_ACTION screenshot --&gt;<a href='..\screenshots\itr_com.mcmp.tests.LoginTest_0\scr23.png'><img src='..\screenshots\itr_com.mcmp.tests.LoginTest_0\scr23.png' style='height:25%; width:25%;' alt='itr_com.mcmp.tests.LoginTest_0'/></a></div>]]>
    </line>
    <line>
      <![CDATA[<div style='color: black; font-size: small; border-botton: none;'>2021-Jul-05 14:57:58,423 : &nbsp;&nbsp;&nbsp;&nbsp;&nbsp;&nbsp;&nbsp;&nbsp;&nbsp;&nbsp;&nbsp;&nbsp;&nbsp;&nbsp;&nbsp;Is Screenshot taken true</div>]]>
    </line>
    <line>
      <![CDATA[<div style='color: black; font-size: small; border-botton: none;'>2021-Jul-05 14:57:58,482 : &nbsp;&nbsp;&nbsp;&nbsp;&nbsp;&nbsp;&nbsp;&nbsp;&nbsp;&nbsp;&nbsp;is login error found? true</div>]]>
    </line>
    <line>
      <![CDATA[<div style='color: black; font-size: small; border-botton: none;'>2021-Jul-05 14:57:58,543 : &nbsp;&nbsp;&nbsp;&nbsp;&nbsp;&nbsp;&nbsp;&nbsp;&nbsp;&nbsp;&nbsp;&nbsp;&nbsp;&nbsp;&nbsp;AFTER_ACTION screenshot --&gt;<a href='..\screenshots\itr_com.mcmp.tests.orderIntegration.vra.e2e.e2eCentOS77CompositeVRA82_0\scr24.png'><img src='..\screenshots\itr_com.mcmp.tests.orderIntegration.vra.e2e.e2eCentOS77CompositeVRA82_0\scr24.png' style='height:25%; width:25%;' alt='itr_com.mcmp.tests.orderIntegration.vra.e2e.e2eCentOS77CompositeVRA82_0'/></a></div>]]>
    </line>
    <line>
      <![CDATA[<div style='color: black; font-size: small; border-botton: none;'>2021-Jul-05 14:57:58,544 : &nbsp;&nbsp;&nbsp;&nbsp;&nbsp;&nbsp;&nbsp;&nbsp;&nbsp;&nbsp;&nbsp;&nbsp;&nbsp;&nbsp;&nbsp;Is Screenshot taken true</div>]]>
    </line>
    <line>
      <![CDATA[<div style='color: black; font-size: small; border-botton: none;'>2021-Jul-05 14:57:58,607 : &nbsp;&nbsp;&nbsp;&nbsp;&nbsp;&nbsp;&nbsp;&nbsp;&nbsp;&nbsp;&nbsp;is login error found? true</div>]]>
    </line>
    <line>
      <![CDATA[<div style='color: black; font-size: small; border-botton: none;'>2021-Jul-05 14:57:58,618 : &nbsp;&nbsp;&nbsp;&nbsp;&nbsp;&nbsp;&nbsp;&nbsp;&nbsp;&nbsp;&nbsp;AFTER_ACTION screenshot --&gt;<a href='..\screenshots\itr_com.mcmp.tests.LoginTest_0\scr25.png'><img src='..\screenshots\itr_com.mcmp.tests.LoginTest_0\scr25.png' style='height:25%; width:25%;' alt='itr_com.mcmp.tests.LoginTest_0'/></a></div>]]>
    </line>
    <line>
      <![CDATA[<div style='color: black; font-size: small; border-botton: none;'>2021-Jul-05 14:57:58,619 : &nbsp;&nbsp;&nbsp;&nbsp;&nbsp;&nbsp;&nbsp;&nbsp;&nbsp;&nbsp;&nbsp;Is Screenshot taken true</div>]]>
    </line>
    <line>
      <![CDATA[<div style='color: black; font-size: small; border-botton: none;'>2021-Jul-05 14:57:58,619 : &nbsp;&nbsp;&nbsp;&nbsp;&nbsp;&nbsp;&nbsp;&nbsp;&nbsp;&nbsp;&nbsp;get login error message</div>]]>
    </line>
    <line>
      <![CDATA[<div style='color: black; font-size: small; border-botton: none;'>2021-Jul-05 14:57:58,733 : &nbsp;&nbsp;&nbsp;&nbsp;&nbsp;&nbsp;&nbsp;&nbsp;&nbsp;&nbsp;&nbsp;AFTER_ACTION screenshot --&gt;<a href='..\screenshots\itr_com.mcmp.tests.orderIntegration.vra.e2e.e2eCentOS77CompositeVRA82_0\scr26.png'><img src='..\screenshots\itr_com.mcmp.tests.orderIntegration.vra.e2e.e2eCentOS77CompositeVRA82_0\scr26.png' style='height:25%; width:25%;' alt='itr_com.mcmp.tests.orderIntegration.vra.e2e.e2eCentOS77CompositeVRA82_0'/></a></div>]]>
    </line>
    <line>
      <![CDATA[<div style='color: black; font-size: small; border-botton: none;'>2021-Jul-05 14:57:58,733 : &nbsp;&nbsp;&nbsp;&nbsp;&nbsp;&nbsp;&nbsp;&nbsp;&nbsp;&nbsp;&nbsp;Is Screenshot taken true</div>]]>
    </line>
    <line>
      <![CDATA[<div style='color: black; font-size: small; border-botton: none;'>2021-Jul-05 14:57:58,733 : &nbsp;&nbsp;&nbsp;&nbsp;&nbsp;&nbsp;&nbsp;&nbsp;&nbsp;&nbsp;&nbsp;get login error message</div>]]>
    </line>
    <line>
      <![CDATA[<div style='color: black; font-size: small; border-botton: none;'>2021-Jul-05 14:57:58,791 : &nbsp;&nbsp;&nbsp;&nbsp;&nbsp;&nbsp;&nbsp;&nbsp;&nbsp;&nbsp;&nbsp;AFTER_ACTION screenshot --&gt;<a href='..\screenshots\itr_com.mcmp.tests.LoginTest_0\scr27.png'><img src='..\screenshots\itr_com.mcmp.tests.LoginTest_0\scr27.png' style='height:25%; width:25%;' alt='itr_com.mcmp.tests.LoginTest_0'/></a></div>]]>
    </line>
    <line>
      <![CDATA[<div style='color: black; font-size: small; border-botton: none;'>2021-Jul-05 14:57:58,791 : &nbsp;&nbsp;&nbsp;&nbsp;&nbsp;&nbsp;&nbsp;&nbsp;&nbsp;&nbsp;&nbsp;Is Screenshot taken true</div>]]>
    </line>
    <line>
      <![CDATA[<div style='color: #D20000; font-size: small; border-botton: none;'>2021-Jul-05 14:57:58,794 : &nbsp;&nbsp;&nbsp;login failed<br/>[@Step check for login errors] Login Error message found - Incorrect IBMid or password. Please try again!</div>]]>
    </line>
    <line>
      <![CDATA[<div style='color: #D20000; font-size: small; border-botton: none;'>2021-Jul-05 14:57:58,794 : Test failed : [@Step check for login errors] Login Error message found - Incorrect IBMid or password. Please try again!</div>]]>
    </line>
    <line>
      <![CDATA[<div style='color: black; font-size: small; border-botton: none;'>2021-Jul-05 14:57:58,934 : &nbsp;&nbsp;&nbsp;<a href='..\screenshots\itr_com.mcmp.tests.LoginTest_0\scr29.png'><img src='..\screenshots\itr_com.mcmp.tests.LoginTest_0\scr29.png' style='height:25%; width:25%;' alt='itr_com.mcmp.tests.LoginTest_0'/></a></div>]]>
    </line>
    <line>
      <![CDATA[<div style='color: black; font-size: small; border-botton: none;'>2021-Jul-05 14:57:58,934 : &nbsp;&nbsp;&nbsp;&nbsp;&nbsp;&nbsp;&nbsp;&nbsp;&nbsp;&nbsp;&nbsp;AFTER_ACTION screenshot --&gt;<a href='..\screenshots\itr_com.mcmp.tests.orderIntegration.vra.e2e.e2eCentOS77CompositeVRA82_0\scr28.png'><img src='..\screenshots\itr_com.mcmp.tests.orderIntegration.vra.e2e.e2eCentOS77CompositeVRA82_0\scr28.png' style='height:25%; width:25%;' alt='itr_com.mcmp.tests.orderIntegration.vra.e2e.e2eCentOS77CompositeVRA82_0'/></a></div>]]>
    </line>
    <line>
      <![CDATA[<div style='color: black; font-size: small; border-botton: none;'>2021-Jul-05 14:57:58,934 : &nbsp;&nbsp;&nbsp;Is Screenshot taken true</div>]]>
    </line>
    <line>
      <![CDATA[<div style='color: black; font-size: small; border-botton: none;'>2021-Jul-05 14:57:58,934 : &nbsp;&nbsp;&nbsp;&nbsp;&nbsp;&nbsp;&nbsp;&nbsp;&nbsp;&nbsp;&nbsp;Is Screenshot taken true</div>]]>
    </line>
    <line>
      <![CDATA[<div style='color: #D20000; font-size: small; border-botton: none;'>2021-Jul-05 14:57:58,935 : &nbsp;&nbsp;&nbsp;login failed<br/>[@Step check for login errors] Login Error message found - Incorrect IBMid or password. Please try again!</div>]]>
    </line>
    <line>
      <![CDATA[<div style='color: #D20000; font-size: small; border-botton: none;'>2021-Jul-05 14:57:58,935 : Test failed : [@Step check for login errors] Login Error message found - Incorrect IBMid or password. Please try again!</div>]]>
    </line>
    <line>
      <![CDATA[<div style='color: black; font-size: small; border-botton: none;'>2021-Jul-05 14:57:59,092 : &nbsp;&nbsp;&nbsp;<a href='..\screenshots\itr_com.mcmp.tests.orderIntegration.vra.e2e.e2eCentOS77CompositeVRA82_0\scr30.png'><img src='..\screenshots\itr_com.mcmp.tests.orderIntegration.vra.e2e.e2eCentOS77CompositeVRA82_0\scr30.png' style='height:25%; width:25%;' alt='itr_com.mcmp.tests.orderIntegration.vra.e2e.e2eCentOS77CompositeVRA82_0'/></a></div>]]>
    </line>
    <line>
      <![CDATA[<div style='color: black; font-size: small; border-botton: none;'>2021-Jul-05 14:57:59,092 : &nbsp;&nbsp;&nbsp;Is Screenshot taken true</div>]]>
    </line>
    <line>
      <![CDATA[<div style='color: #D20000; font-size: small; border-botton: none;'>2021-Jul-05 14:57:59,356 : &nbsp;Execution skipped for TEST method loginTest<br/>[@Step check for login errors] Login Error message found - Incorrect IBMid or password. Please try again!</div>]]>
    </line>
    <line>
      <![CDATA[<div style='color: black; font-size: small; border-bottom: solid 1px silver;'>2021-Jul-05 14:57:59,605 : &nbsp;logout</div>]]>
    </line>
    <line>
      <![CDATA[<div style='color: black; font-size: small; border-bottom: solid 1px silver;'>2021-Jul-05 14:57:59,605 : &nbsp;logout completed successfully</div>]]>
    </line>
    <line>
      <![CDATA[<div style='color: #D20000; font-size: small; border-botton: none;'>2021-Jul-05 14:57:59,450 : &nbsp;Execution skipped for BEFORE method verifyLaunchpadPage<br/>
Configuration / Test Skipped</div>]]>
    </line>
    <line>
      <![CDATA[<div style='color: #D20000; font-size: small; border-botton: none;'>2021-Jul-05 14:57:59,806 : &nbsp;Execution skipped for TEST method loginTest<br/>[@Step check for login errors] Login Error message found - Incorrect IBMid or password. Please try again!</div>]]>
    </line>
    <line>
      <![CDATA[<div style='color: black; font-size: small; border-bottom: solid 1px silver;'>2021-Jul-05 14:57:59,871 : &nbsp;quit browser</div>]]>
    </line>
    <line>
      <![CDATA[<div style='color: black; font-size: small; border-botton: none;'>2021-Jul-05 14:57:59,871 : &nbsp;&nbsp;&nbsp;&nbsp;&nbsp;Quiting driver ChromeDriver: chrome on WINDOWS (8e7218de6f04bc1bf2cf1accbe1dd710)</div>]]>
    </line>
    <line>
      <![CDATA[<div style='color: black; font-size: small; border-bottom: solid 1px silver;'>2021-Jul-05 14:58:00,263 : &nbsp;logout</div>]]>
    </line>
    <line>
      <![CDATA[<div style='color: black; font-size: small; border-bottom: solid 1px silver;'>2021-Jul-05 14:58:00,263 : &nbsp;logout completed successfully</div>]]>
    </line>
    <line>
      <![CDATA[<div style='color: #D20000; font-size: small; border-botton: none;'>2021-Jul-05 14:58:00,620 : &nbsp;Execution skipped for TEST method verifyAdditionalParameters<br/>[@Step check for login errors] Login Error message found - Incorrect IBMid or password. Please try again!</div>]]>
    </line>
    <line>
      <![CDATA[<div style='color: black; font-size: small; border-bottom: solid 1px silver;'>2021-Jul-05 14:58:00,979 : &nbsp;logout</div>]]>
    </line>
    <line>
      <![CDATA[<div style='color: black; font-size: small; border-bottom: solid 1px silver;'>2021-Jul-05 14:58:00,979 : &nbsp;logout completed successfully</div>]]>
    </line>
    <line>
      <![CDATA[<div style='color: black; font-size: small; border-bottom: solid 1px silver;'>2021-Jul-05 14:58:01,158 : &nbsp;quit browser completed successfully</div>]]>
    </line>
    <line>
      <![CDATA[<div style='color: #D20000; font-size: small; border-botton: none;'>2021-Jul-05 14:58:01,337 : &nbsp;Execution skipped for TEST method verifyMainParameters<br/>[@Step check for login errors] Login Error message found - Incorrect IBMid or password. Please try again!</div>]]>
    </line>
    <line>
      <![CDATA[<div style='color: black; font-size: small; border-bottom: solid 1px silver;'>2021-Jul-05 14:58:01,689 : &nbsp;logout</div>]]>
    </line>
    <line>
      <![CDATA[<div style='color: black; font-size: small; border-bottom: solid 1px silver;'>2021-Jul-05 14:58:01,689 : &nbsp;logout completed successfully</div>]]>
    </line>
    <line>
      <![CDATA[<div style='color: #D20000; font-size: small; border-botton: none;'>2021-Jul-05 14:58:02,047 : &nbsp;Execution skipped for AFTER method logoutFromApplication<br/>
Configuration / Test Skipped</div>]]>
    </line>
    <line>
      <![CDATA[<div style='color: black; font-size: small; border-bottom: solid 1px silver;'>2021-Jul-05 14:58:02,405 : &nbsp;quit browser</div>]]>
    </line>
    <line>
      <![CDATA[<div style='color: black; font-size: small; border-botton: none;'>2021-Jul-05 14:58:02,405 : &nbsp;&nbsp;&nbsp;&nbsp;&nbsp;Quiting driver ChromeDriver: chrome on WINDOWS (f39503c7179b440b543db40b68189061)</div>]]>
    </line>
    <line>
      <![CDATA[<div style='color: black; font-size: small; border-bottom: solid 1px silver;'>2021-Jul-05 14:58:03,146 : &nbsp;quit browser completed successfully</div>]]>
    </line>
  </reporter-output>
  <suite name="MCMP Functional Testing" duration-ms="31176" started-at="2021-07-05T14:57:31 IST" finished-at="2021-07-05T14:58:03 IST">
    <groups>
    </groups>
    <test name="com.mcmp.tests.LoginTest" duration-ms="29188" started-at="2021-07-05T14:57:31 IST" finished-at="2021-07-05T14:58:01 IST">
      <class name="com.mcmp.tests.LoginTest">
        <test-method status="PASS" signature="automacentInternalSetLauncherClients(java.lang.String, java.lang.String, java.lang.String)[pri:0, instance:com.mcmp.tests.LoginTest@45b4c3a9]" name="automacentInternalSetLauncherClients" is-config="true" duration-ms="33" started-at="2021-07-05T14:57:31 IST" finished-at="2021-07-05T14:57:31 IST">
          <params>
            <param index="0">
              <value>
                <![CDATA[]]>
              </value>
            </param>
            <param index="1">
              <value>
                <![CDATA[]]>
              </value>
            </param>
            <param index="2">
              <value>
                <![CDATA[]]>
              </value>
            </param>
          </params>
          <reporter-output>
            <line>
              <![CDATA[<div style='color: black; font-size: small; border-bottom: solid 1px silver;'>2021-Jul-05 14:57:31,950 : &nbsp;automacent internal set launcher clients (, , )</div>]]>
            </line>
            <line>
              <![CDATA[<div style='color: black; font-size: small; border-botton: none;'>2021-Jul-05 14:57:31,954 : &nbsp;&nbsp;&nbsp;New instance of Launcher client manager created</div>]]>
            </line>
            <line>
              <![CDATA[<div style='color: orange; font-size: small; border-botton: none;'>2021-Jul-05 14:57:31,954 : &nbsp;&nbsp;&nbsp;&nbsp;&nbsp;No Launcher clients specified. Launcher clients service will be disabled</div>]]>
            </line>
            <line>
              <![CDATA[<div style='color: black; font-size: small; border-bottom: solid 1px silver;'>2021-Jul-05 14:57:31,955 : &nbsp;automacent internal set launcher clients completed successfully</div>]]>
            </line>
          </reporter-output>
        </test-method> <!-- automacentInternalSetLauncherClients -->
        <test-method status="PASS" signature="automacentInternalSetDriverParameters(java.lang.String, java.lang.String, java.lang.String, long, long, long)[pri:0, instance:com.mcmp.tests.LoginTest@45b4c3a9]" name="automacentInternalSetDriverParameters" is-config="true" duration-ms="8" started-at="2021-07-05T14:57:31 IST" depends-on-methods="com.automacent.fwk.core.BaseTest.automacentInternalSetLauncherClients" finished-at="2021-07-05T14:57:31 IST">
          <params>
            <param index="0">
              <value>
                <![CDATA[]]>
              </value>
            </param>
            <param index="1">
              <value>
                <![CDATA[]]>
              </value>
            </param>
            <param index="2">
              <value>
                <![CDATA[]]>
              </value>
            </param>
            <param index="3">
              <value>
                <![CDATA[900]]>
              </value>
            </param>
            <param index="4">
              <value>
                <![CDATA[900]]>
              </value>
            </param>
            <param index="5">
              <value>
                <![CDATA[300]]>
              </value>
            </param>
          </params>
          <reporter-output>
            <line>
              <![CDATA[<div style='color: black; font-size: small; border-bottom: solid 1px silver;'>2021-Jul-05 14:57:31,961 : &nbsp;automacent internal set driver parameters (, , , 900, 900, 300)</div>]]>
            </line>
            <line>
              <![CDATA[<div style='color: black; font-size: small; border-botton: none;'>2021-Jul-05 14:57:31,963 : &nbsp;&nbsp;&nbsp;&nbsp;&nbsp;Setting up default driver</div>]]>
            </line>
            <line>
              <![CDATA[<div style='color: black; font-size: small; border-botton: none;'>2021-Jul-05 14:57:31,964 : &nbsp;&nbsp;&nbsp;&nbsp;&nbsp;No custom ieDriverLocation provided. Will use default</div>]]>
            </line>
            <line>
              <![CDATA[<div style='color: black; font-size: small; border-botton: none;'>2021-Jul-05 14:57:31,964 : &nbsp;&nbsp;&nbsp;&nbsp;&nbsp;No custom chromeDriverLocation provided. Will use default</div>]]>
            </line>
            <line>
              <![CDATA[<div style='color: black; font-size: small; border-botton: none;'>2021-Jul-05 14:57:31,964 : &nbsp;&nbsp;&nbsp;&nbsp;&nbsp;No custom geckoDriverLocation provided. Will use default</div>]]>
            </line>
            <line>
              <![CDATA[<div style='color: black; font-size: small; border-botton: none;'>2021-Jul-05 14:57:31,965 : &nbsp;&nbsp;&nbsp;&nbsp;&nbsp;scriptTimeoutInSeconds set to 900</div>]]>
            </line>
            <line>
              <![CDATA[<div style='color: black; font-size: small; border-botton: none;'>2021-Jul-05 14:57:31,965 : &nbsp;&nbsp;&nbsp;&nbsp;&nbsp;pageLoadTimeoutInSeconds set to 900</div>]]>
            </line>
            <line>
              <![CDATA[<div style='color: black; font-size: small; border-botton: none;'>2021-Jul-05 14:57:31,966 : &nbsp;&nbsp;&nbsp;&nbsp;&nbsp;socketTimeoutInSeconds set to 300</div>]]>
            </line>
            <line>
              <![CDATA[<div style='color: black; font-size: small; border-bottom: solid 1px silver;'>2021-Jul-05 14:57:31,966 : &nbsp;automacent internal set driver parameters completed successfully</div>]]>
            </line>
          </reporter-output>
        </test-method> <!-- automacentInternalSetDriverParameters -->
        <test-method status="PASS" signature="automacentInternalSetParameters(com.automacent.fwk.enums.RepeatMode, long, long, long, long, long, com.automacent.fwk.enums.RetryMode, java.lang.String, org.testng.ITestContext)[pri:0, instance:com.mcmp.tests.LoginTest@45b4c3a9]" name="automacentInternalSetParameters" is-config="true" duration-ms="13" started-at="2021-07-05T14:57:31 IST" finished-at="2021-07-05T14:57:32 IST">
          <params>
            <param index="0">
              <value>
                <![CDATA[OFF]]>
              </value>
            </param>
            <param index="1">
              <value>
                <![CDATA[0]]>
              </value>
            </param>
            <param index="2">
              <value>
                <![CDATA[0]]>
              </value>
            </param>
            <param index="3">
              <value>
                <![CDATA[0]]>
              </value>
            </param>
            <param index="4">
              <value>
                <![CDATA[10]]>
              </value>
            </param>
            <param index="5">
              <value>
                <![CDATA[0]]>
              </value>
            </param>
            <param index="6">
              <value>
                <![CDATA[ON]]>
              </value>
            </param>
            <param index="7">
              <value>
                <![CDATA[]]>
              </value>
            </param>
            <param index="8">
              <value>
                <![CDATA[org.testng.TestRunner@1f518e29]]>
              </value>
            </param>
          </params>
          <reporter-output>
            <line>
              <![CDATA[<div style='color: black; font-size: small; border-bottom: solid 1px silver;'>2021-Jul-05 14:57:31,997 : &nbsp;automacent internal set parameters (OFF, 0, 0, 0, 10, 0, ON, , org.testng.TestRunner@1f518e29)</div>]]>
            </line>
            <line>
              <![CDATA[<div style='color: black; font-size: small; border-botton: none;'>2021-Jul-05 14:57:31,999 : &nbsp;&nbsp;&nbsp;&nbsp;&nbsp;Constructing Test Object for threadId 19</div>]]>
            </line>
            <line>
              <![CDATA[<div style='color: black; font-size: small; border-botton: none;'>2021-Jul-05 14:57:31,999 : &nbsp;&nbsp;&nbsp;&nbsp;&nbsp;Setting test context org.testng.TestRunner@1f518e29</div>]]>
            </line>
            <line>
              <![CDATA[<div style='color: black; font-size: small; border-botton: none;'>2021-Jul-05 14:57:31,999 : &nbsp;&nbsp;&nbsp;&nbsp;&nbsp;testName set to com.mcmp.tests.LoginTest</div>]]>
            </line>
            <line>
              <![CDATA[<div style='color: black; font-size: small; border-botton: none;'>2021-Jul-05 14:57:32,000 : &nbsp;&nbsp;&nbsp;&nbsp;&nbsp;repeatMode set to OFF</div>]]>
            </line>
            <line>
              <![CDATA[<div style='color: black; font-size: small; border-botton: none;'>2021-Jul-05 14:57:32,000 : &nbsp;&nbsp;&nbsp;&nbsp;&nbsp;testDurationInSeconds set to 0</div>]]>
            </line>
            <line>
              <![CDATA[<div style='color: black; font-size: small; border-botton: none;'>2021-Jul-05 14:57:32,001 : &nbsp;&nbsp;&nbsp;&nbsp;&nbsp;invocationCount set to 0</div>]]>
            </line>
            <line>
              <![CDATA[<div style='color: black; font-size: small; border-botton: none;'>2021-Jul-05 14:57:32,001 : &nbsp;&nbsp;&nbsp;&nbsp;&nbsp;delayBetweenIterationInSeconds set to 0</div>]]>
            </line>
            <line>
              <![CDATA[<div style='color: black; font-size: small; border-botton: none;'>2021-Jul-05 14:57:32,002 : &nbsp;&nbsp;&nbsp;&nbsp;&nbsp;timeoutInSeconds set to 10</div>]]>
            </line>
            <line>
              <![CDATA[<div style='color: black; font-size: small; border-botton: none;'>2021-Jul-05 14:57:32,002 : &nbsp;&nbsp;&nbsp;&nbsp;&nbsp;slowdownDurationInSeconds set to 0</div>]]>
            </line>
            <line>
              <![CDATA[<div style='color: black; font-size: small; border-botton: none;'>2021-Jul-05 14:57:32,003 : &nbsp;&nbsp;&nbsp;&nbsp;&nbsp;retryMode set to ON</div>]]>
            </line>
            <line>
              <![CDATA[<div style='color: black; font-size: small; border-botton: none;'>2021-Jul-05 14:57:32,005 : &nbsp;&nbsp;&nbsp;&nbsp;&nbsp;No Recovery classes specified</div>]]>
            </line>
            <line>
              <![CDATA[<div style='color: black; font-size: small; border-bottom: solid 1px silver;'>2021-Jul-05 14:57:32,006 : &nbsp;automacent internal set parameters completed successfully</div>]]>
            </line>
          </reporter-output>
        </test-method> <!-- automacentInternalSetParameters -->
        <test-method status="PASS" signature="automacentInternalSetWebTestParameters(io.github.bonigarcia.wdm.DriverManagerType, java.lang.String, com.automacent.fwk.enums.ScreenshotType, java.lang.String, com.automacent.fwk.enums.ScreenshotModeForIteration, java.lang.String, org.testng.ITestContext)[pri:0, instance:com.mcmp.tests.LoginTest@45b4c3a9]" name="automacentInternalSetWebTestParameters" is-config="true" duration-ms="11" started-at="2021-07-05T14:57:32 IST" depends-on-methods="com.automacent.fwk.core.BaseTest.automacentInternalSetParameters" finished-at="2021-07-05T14:57:32 IST">
          <params>
[...]
          <exception class="com.automacent.fwk.exceptions.TestOrConfigurationSkipException">
            <message>
              <![CDATA[
Configuration / Test Skipped]]>
            </message>
            <full-stacktrace>
              <![CDATA[com.automacent.fwk.exceptions.TestOrConfigurationSkipException: 
Configuration / Test Skipped
at com.automacent.fwk.listeners.AutomacentListener.onConfigurationSkip(AutomacentListener.java:166)
at org.testng.internal.TestListenerHelper.runPostConfigurationListeners(TestListenerHelper.java:39)
at org.testng.internal.ConfigInvoker.runConfigurationListeners(ConfigInvoker.java:402)
at org.testng.internal.ConfigInvoker.handleConfigurationSkip(ConfigInvoker.java:420)
at org.testng.internal.ConfigInvoker.invokeConfigurations(ConfigInvoker.java:286)
at org.testng.internal.TestMethodWorker.invokeBeforeClassMethods(TestMethodWorker.java:176)
at org.testng.internal.TestMethodWorker.run(TestMethodWorker.java:122)
at java.util.ArrayList.forEach(ArrayList.java:1259)
at org.testng.TestRunner.privateRun(TestRunner.java:764)
at org.testng.TestRunner.run(TestRunner.java:585)
at org.testng.SuiteRunner.runTest(SuiteRunner.java:384)
at org.testng.SuiteRunner.access$000(SuiteRunner.java:28)
at org.testng.SuiteRunner$SuiteWorker.run(SuiteRunner.java:425)
at org.testng.internal.thread.ThreadUtil.lambda$execute$0(ThreadUtil.java:66)
at java.util.concurrent.FutureTask.run(FutureTask.java:266)
at java.util.concurrent.ThreadPoolExecutor.runWorker(ThreadPoolExecutor.java:1149)
at java.util.concurrent.ThreadPoolExecutor$Worker.run(ThreadPoolExecutor.java:624)
at java.lang.Thread.run(Thread.java:748)
]]>
            </full-stacktrace>
          </exception> <!-- com.automacent.fwk.exceptions.TestOrConfigurationSkipException -->
          <reporter-output>
          </reporter-output>
        </test-method> <!-- verifyLaunchpadPage -->
        <test-method status="SKIP" signature="loginTest(java.lang.String, java.lang.String)[pri:0, instance:com.mcmp.tests.orderIntegration.vra.e2e.e2eCentOS77CompositeVRA82@23348b5d]" name="loginTest" duration-ms="0" started-at="2021-07-05T14:57:59 IST" description="Login user case with username and password." finished-at="2021-07-05T14:57:59 IST">
          <params>
            <param index="0">
              <value>
                <![CDATA[uiautomcmpuser@outlook.com]]>
              </value>
            </param>
            <param index="1">
              <value>
                <![CDATA[Automcmpuser@000]]>
              </value>
            </param>
          </params>
          <exception class="com.automacent.fwk.exceptions.StepExecutionException">
            <message>
              <![CDATA[[@Step check for login errors] Login Error message found - Incorrect IBMid or password. Please try again!]]>
            </message>
            <full-stacktrace>
              <![CDATA[com.automacent.fwk.exceptions.StepExecutionException: [@Step check for login errors] Login Error message found - Incorrect IBMid or password. Please try again!
at com.automacent.fwk.execution.StepAndActionCompiler.aroundStepCompilerAspect(StepAndActionCompiler.java:119)
at com.pom.steps.login.LoginSteps.checkForLoginErrors(LoginSteps.java:46)
at com.mcmp.tests.LoginTest.login_aroundBody0(LoginTest.java:28)
at com.mcmp.tests.LoginTest$AjcClosure1.run(LoginTest.java:1)
at org.aspectj.runtime.reflect.JoinPointImpl.proceed(JoinPointImpl.java:167)
at com.automacent.fwk.execution.TestNgCompiler.aroundBeforeCompilerAspect(TestNgCompiler.java:55)
at com.mcmp.tests.LoginTest.login(LoginTest.java:25)
at sun.reflect.NativeMethodAccessorImpl.invoke0(Native Method)
at sun.reflect.NativeMethodAccessorImpl.invoke(NativeMethodAccessorImpl.java:62)
at sun.reflect.DelegatingMethodAccessorImpl.invoke(DelegatingMethodAccessorImpl.java:43)
at java.lang.reflect.Method.invoke(Method.java:498)
at org.testng.internal.MethodInvocationHelper.invokeMethod(MethodInvocationHelper.java:132)
at org.testng.internal.MethodInvocationHelper.invokeMethodConsideringTimeout(MethodInvocationHelper.java:61)
at org.testng.internal.ConfigInvoker.invokeConfigurationMethod(ConfigInvoker.java:366)
at org.testng.internal.ConfigInvoker.invokeConfigurations(ConfigInvoker.java:320)
at org.testng.internal.TestMethodWorker.invokeBeforeClassMethods(TestMethodWorker.java:176)
at org.testng.internal.TestMethodWorker.run(TestMethodWorker.java:122)
at java.util.ArrayList.forEach(ArrayList.java:1259)
at org.testng.TestRunner.privateRun(TestRunner.java:764)
at org.testng.TestRunner.run(TestRunner.java:585)
at org.testng.SuiteRunner.runTest(SuiteRunner.java:384)
at org.testng.SuiteRunner.access$000(SuiteRunner.java:28)
at org.testng.SuiteRunner$SuiteWorker.run(SuiteRunner.java:425)
at org.testng.internal.thread.ThreadUtil.lambda$execute$0(ThreadUtil.java:66)
at java.util.concurrent.FutureTask.run(FutureTask.java:266)
at java.util.concurrent.ThreadPoolExecutor.runWorker(ThreadPoolExecutor.java:1149)
at java.util.concurrent.ThreadPoolExecutor$Worker.run(ThreadPoolExecutor.java:624)
at java.lang.Thread.run(Thread.java:748)
Caused by: java.lang.AssertionError: Login Error message found - Incorrect IBMid or password. Please try again!
at org.testng.Assert.fail(Assert.java:99)
at com.pom.steps.login.LoginSteps.checkForLoginErrors_aroundBody8(LoginSteps.java:51)
at com.pom.steps.login.LoginSteps$AjcClosure9.run(LoginSteps.java:1)
at org.aspectj.runtime.reflect.JoinPointImpl.proceed(JoinPointImpl.java:167)
at com.automacent.fwk.execution.StepAndActionCompiler.aroundStepCompilerAspect(StepAndActionCompiler.java:115)
... 27 more
]]>
            </full-stacktrace>
          </exception> <!-- com.automacent.fwk.exceptions.StepExecutionException -->
          <reporter-output>
            <line>
              <![CDATA[<div style='color: #D20000; font-size: small; border-botton: none;'>2021-Jul-05 14:57:59,806 : &nbsp;Execution skipped for TEST method loginTest<br/>[@Step check for login errors] Login Error message found - Incorrect IBMid or password. Please try again!</div>]]>
            </line>
          </reporter-output>
        </test-method> <!-- loginTest -->
        <test-method status="PASS" signature="logout()[pri:0, instance:com.mcmp.tests.orderIntegration.vra.e2e.e2eCentOS77CompositeVRA82@23348b5d]" name="logout" is-config="true" duration-ms="454" started-at="2021-07-05T14:57:59 IST" finished-at="2021-07-05T14:58:00 IST">
          <reporter-output>
            <line>
              <![CDATA[<div style='color: black; font-size: small; border-bottom: solid 1px silver;'>2021-Jul-05 14:58:00,263 : &nbsp;logout</div>]]>
            </line>
            <line>
              <![CDATA[<div style='color: black; font-size: small; border-bottom: solid 1px silver;'>2021-Jul-05 14:58:00,263 : &nbsp;logout completed successfully</div>]]>
            </line>
          </reporter-output>
        </test-method> <!-- logout -->
        <test-method status="SKIP" signature="verifyAdditionalParameters()[pri:0, instance:com.mcmp.tests.orderIntegration.vra.e2e.e2eCentOS77CompositeVRA82@23348b5d]" name="verifyAdditionalParameters" duration-ms="0" started-at="2021-07-05T14:58:00 IST" description="Verify Summary details and Additional Details are listed in review Order page." finished-at="2021-07-05T14:58:00 IST">
          <exception class="com.automacent.fwk.exceptions.StepExecutionException">
            <message>
              <![CDATA[[@Step check for login errors] Login Error message found - Incorrect IBMid or password. Please try again!]]>
            </message>
            <full-stacktrace>
              <![CDATA[com.automacent.fwk.exceptions.StepExecutionException: [@Step check for login errors] Login Error message found - Incorrect IBMid or password. Please try again!
at com.automacent.fwk.execution.StepAndActionCompiler.aroundStepCompilerAspect(StepAndActionCompiler.java:119)
at com.pom.steps.login.LoginSteps.checkForLoginErrors(LoginSteps.java:46)
at com.mcmp.tests.LoginTest.login_aroundBody0(LoginTest.java:28)
at com.mcmp.tests.LoginTest$AjcClosure1.run(LoginTest.java:1)
at org.aspectj.runtime.reflect.JoinPointImpl.proceed(JoinPointImpl.java:167)
at com.automacent.fwk.execution.TestNgCompiler.aroundBeforeCompilerAspect(TestNgCompiler.java:55)
at com.mcmp.tests.LoginTest.login(LoginTest.java:25)
at sun.reflect.NativeMethodAccessorImpl.invoke0(Native Method)
at sun.reflect.NativeMethodAccessorImpl.invoke(NativeMethodAccessorImpl.java:62)
at sun.reflect.DelegatingMethodAccessorImpl.invoke(DelegatingMethodAccessorImpl.java:43)
at java.lang.reflect.Method.invoke(Method.java:498)
at org.testng.internal.MethodInvocationHelper.invokeMethod(MethodInvocationHelper.java:132)
at org.testng.internal.MethodInvocationHelper.invokeMethodConsideringTimeout(MethodInvocationHelper.java:61)
at org.testng.internal.ConfigInvoker.invokeConfigurationMethod(ConfigInvoker.java:366)
at org.testng.internal.ConfigInvoker.invokeConfigurations(ConfigInvoker.java:320)
at org.testng.internal.TestMethodWorker.invokeBeforeClassMethods(TestMethodWorker.java:176)
at org.testng.internal.TestMethodWorker.run(TestMethodWorker.java:122)
at java.util.ArrayList.forEach(ArrayList.java:1259)
at org.testng.TestRunner.privateRun(TestRunner.java:764)
at org.testng.TestRunner.run(TestRunner.java:585)
at org.testng.SuiteRunner.runTest(SuiteRunner.java:384)
at org.testng.SuiteRunner.access$000(SuiteRunner.java:28)
at org.testng.SuiteRunner$SuiteWorker.run(SuiteRunner.java:425)
at org.testng.internal.thread.ThreadUtil.lambda$execute$0(ThreadUtil.java:66)
at java.util.concurrent.FutureTask.run(FutureTask.java:266)
at java.util.concurrent.ThreadPoolExecutor.runWorker(ThreadPoolExecutor.java:1149)
at java.util.concurrent.ThreadPoolExecutor$Worker.run(ThreadPoolExecutor.java:624)
at java.lang.Thread.run(Thread.java:748)
Caused by: java.lang.AssertionError: Login Error message found - Incorrect IBMid or password. Please try again!
at org.testng.Assert.fail(Assert.java:99)
at com.pom.steps.login.LoginSteps.checkForLoginErrors_aroundBody8(LoginSteps.java:51)
at com.pom.steps.login.LoginSteps$AjcClosure9.run(LoginSteps.java:1)
at org.aspectj.runtime.reflect.JoinPointImpl.proceed(JoinPointImpl.java:167)
at com.automacent.fwk.execution.StepAndActionCompiler.aroundStepCompilerAspect(StepAndActionCompiler.java:115)
... 27 more
]]>
            </full-stacktrace>
          </exception> <!-- com.automacent.fwk.exceptions.StepExecutionException -->
          <reporter-output>
            <line>
              <![CDATA[<div style='color: #D20000; font-size: small; border-botton: none;'>2021-Jul-05 14:58:00,620 : &nbsp;Execution skipped for TEST method verifyAdditionalParameters<br/>[@Step check for login errors] Login Error message found - Incorrect IBMid or password. Please try again!</div>]]>
            </line>
          </reporter-output>
        </test-method> <!-- verifyAdditionalParameters -->
        <test-method status="PASS" signature="logout()[pri:0, instance:com.mcmp.tests.orderIntegration.vra.e2e.e2eCentOS77CompositeVRA82@23348b5d]" name="logout" is-config="true" duration-ms="357" started-at="2021-07-05T14:58:00 IST" finished-at="2021-07-05T14:58:00 IST">
          <reporter-output>
            <line>
              <![CDATA[<div style='color: black; font-size: small; border-bottom: solid 1px silver;'>2021-Jul-05 14:58:00,979 : &nbsp;logout</div>]]>
            </line>
            <line>
              <![CDATA[<div style='color: black; font-size: small; border-bottom: solid 1px silver;'>2021-Jul-05 14:58:00,979 : &nbsp;logout completed successfully</div>]]>
            </line>
          </reporter-output>
        </test-method> <!-- logout -->
        <test-method status="SKIP" signature="verifyMainParameters()[pri:0, instance:com.mcmp.tests.orderIntegration.vra.e2e.e2eCentOS77CompositeVRA82@23348b5d]" name="verifyMainParameters" duration-ms="0" started-at="2021-07-05T14:58:00 IST" description="Verify fields on Main Parameters page." finished-at="2021-07-05T14:58:00 IST">
          <exception class="com.automacent.fwk.exceptions.StepExecutionException">
            <message>
              <![CDATA[[@Step check for login errors] Login Error message found - Incorrect IBMid or password. Please try again!]]>
            </message>
            <full-stacktrace>
              <![CDATA[com.automacent.fwk.exceptions.StepExecutionException: [@Step check for login errors] Login Error message found - Incorrect IBMid or password. Please try again!
at com.automacent.fwk.execution.StepAndActionCompiler.aroundStepCompilerAspect(StepAndActionCompiler.java:119)
at com.pom.steps.login.LoginSteps.checkForLoginErrors(LoginSteps.java:46)
at com.mcmp.tests.LoginTest.login_aroundBody0(LoginTest.java:28)
at com.mcmp.tests.LoginTest$AjcClosure1.run(LoginTest.java:1)
at org.aspectj.runtime.reflect.JoinPointImpl.proceed(JoinPointImpl.java:167)
at com.automacent.fwk.execution.TestNgCompiler.aroundBeforeCompilerAspect(TestNgCompiler.java:55)
at com.mcmp.tests.LoginTest.login(LoginTest.java:25)
at sun.reflect.NativeMethodAccessorImpl.invoke0(Native Method)
at sun.reflect.NativeMethodAccessorImpl.invoke(NativeMethodAccessorImpl.java:62)
at sun.reflect.DelegatingMethodAccessorImpl.invoke(DelegatingMethodAccessorImpl.java:43)
at java.lang.reflect.Method.invoke(Method.java:498)
at org.testng.internal.MethodInvocationHelper.invokeMethod(MethodInvocationHelper.java:132)
at org.testng.internal.MethodInvocationHelper.invokeMethodConsideringTimeout(MethodInvocationHelper.java:61)
at org.testng.internal.ConfigInvoker.invokeConfigurationMethod(ConfigInvoker.java:366)
at org.testng.internal.ConfigInvoker.invokeConfigurations(ConfigInvoker.java:320)
at org.testng.internal.TestMethodWorker.invokeBeforeClassMethods(TestMethodWorker.java:176)
at org.testng.internal.TestMethodWorker.run(TestMethodWorker.java:122)
at java.util.ArrayList.forEach(ArrayList.java:1259)
at org.testng.TestRunner.privateRun(TestRunner.java:764)
at org.testng.TestRunner.run(TestRunner.java:585)
at org.testng.SuiteRunner.runTest(SuiteRunner.java:384)
at org.testng.SuiteRunner.access$000(SuiteRunner.java:28)
at org.testng.SuiteRunner$SuiteWorker.run(SuiteRunner.java:425)
at org.testng.internal.thread.ThreadUtil.lambda$execute$0(ThreadUtil.java:66)
at java.util.concurrent.FutureTask.run(FutureTask.java:266)
at java.util.concurrent.ThreadPoolExecutor.runWorker(ThreadPoolExecutor.java:1149)
at java.util.concurrent.ThreadPoolExecutor$Worker.run(ThreadPoolExecutor.java:624)
at java.lang.Thread.run(Thread.java:748)
Caused by: java.lang.AssertionError: Login Error message found - Incorrect IBMid or password. Please try again!
at org.testng.Assert.fail(Assert.java:99)
at com.pom.steps.login.LoginSteps.checkForLoginErrors_aroundBody8(LoginSteps.java:51)
at com.pom.steps.login.LoginSteps$AjcClosure9.run(LoginSteps.java:1)
at org.aspectj.runtime.reflect.JoinPointImpl.proceed(JoinPointImpl.java:167)
at com.automacent.fwk.execution.StepAndActionCompiler.aroundStepCompilerAspect(StepAndActionCompiler.java:115)
... 27 more
]]>
            </full-stacktrace>
          </exception> <!-- com.automacent.fwk.exceptions.StepExecutionException -->
          <reporter-output>
            <line>
              <![CDATA[<div style='color: #D20000; font-size: small; border-botton: none;'>2021-Jul-05 14:58:01,337 : &nbsp;Execution skipped for TEST method verifyMainParameters<br/>[@Step check for login errors] Login Error message found - Incorrect IBMid or password. Please try again!</div>]]>
            </line>
          </reporter-output>
        </test-method> <!-- verifyMainParameters -->
        <test-method status="PASS" signature="logout()[pri:0, instance:com.mcmp.tests.orderIntegration.vra.e2e.e2eCentOS77CompositeVRA82@23348b5d]" name="logout" is-config="true" duration-ms="350" started-at="2021-07-05T14:58:01 IST" finished-at="2021-07-05T14:58:01 IST">
          <reporter-output>
            <line>
              <![CDATA[<div style='color: black; font-size: small; border-bottom: solid 1px silver;'>2021-Jul-05 14:58:01,689 : &nbsp;logout</div>]]>
            </line>
            <line>
              <![CDATA[<div style='color: black; font-size: small; border-bottom: solid 1px silver;'>2021-Jul-05 14:58:01,689 : &nbsp;logout completed successfully</div>]]>
            </line>
          </reporter-output>
        </test-method> <!-- logout -->
        <test-method status="SKIP" signature="logoutFromApplication()[pri:0, instance:com.mcmp.tests.orderIntegration.vra.e2e.e2eCentOS77CompositeVRA82@23348b5d]" name="logoutFromApplication" is-config="true" duration-ms="-1625477281692" started-at="2021-07-05T14:58:01 IST" finished-at="1970-01-01T05:30:00 IST">
          <exception class="com.automacent.fwk.exceptions.TestOrConfigurationSkipException">
            <message>
              <![CDATA[
Configuration / Test Skipped]]>
            </message>
            <full-stacktrace>
              <![CDATA[com.automacent.fwk.exceptions.TestOrConfigurationSkipException: 
Configuration / Test Skipped
at com.automacent.fwk.listeners.AutomacentListener.onConfigurationSkip(AutomacentListener.java:166)
at org.testng.internal.TestListenerHelper.runPostConfigurationListeners(TestListenerHelper.java:39)
at org.testng.internal.ConfigInvoker.runConfigurationListeners(ConfigInvoker.java:402)
at org.testng.internal.ConfigInvoker.handleConfigurationSkip(ConfigInvoker.java:420)
at org.testng.internal.ConfigInvoker.invokeConfigurations(ConfigInvoker.java:286)
at org.testng.internal.TestMethodWorker.invokeAfterClassMethods(TestMethodWorker.java:217)
at org.testng.internal.TestMethodWorker.run(TestMethodWorker.java:130)
at java.util.ArrayList.forEach(ArrayList.java:1259)
at org.testng.TestRunner.privateRun(TestRunner.java:764)
at org.testng.TestRunner.run(TestRunner.java:585)
at org.testng.SuiteRunner.runTest(SuiteRunner.java:384)
at org.testng.SuiteRunner.access$000(SuiteRunner.java:28)
at org.testng.SuiteRunner$SuiteWorker.run(SuiteRunner.java:425)
at org.testng.internal.thread.ThreadUtil.lambda$execute$0(ThreadUtil.java:66)
at java.util.concurrent.FutureTask.run(FutureTask.java:266)
at java.util.concurrent.ThreadPoolExecutor.runWorker(ThreadPoolExecutor.java:1149)
at java.util.concurrent.ThreadPoolExecutor$Worker.run(ThreadPoolExecutor.java:624)
at java.lang.Thread.run(Thread.java:748)
]]>
            </full-stacktrace>
          </exception> <!-- com.automacent.fwk.exceptions.TestOrConfigurationSkipException -->
          <reporter-output>
          </reporter-output>
        </test-method> <!-- logoutFromApplication -->
        <test-method status="PASS" signature="quitBrowser()[pri:0, instance:com.mcmp.tests.orderIntegration.vra.e2e.e2eCentOS77CompositeVRA82@23348b5d]" name="quitBrowser" is-config="true" duration-ms="1098" started-at="2021-07-05T14:58:02 IST" finished-at="2021-07-05T14:58:03 IST">
          <reporter-output>
            <line>
              <![CDATA[<div style='color: black; font-size: small; border-bottom: solid 1px silver;'>2021-Jul-05 14:58:02,405 : &nbsp;quit browser</div>]]>
            </line>
            <line>
              <![CDATA[<div style='color: black; font-size: small; border-botton: none;'>2021-Jul-05 14:58:02,405 : &nbsp;&nbsp;&nbsp;&nbsp;&nbsp;Quiting driver ChromeDriver: chrome on WINDOWS (f39503c7179b440b543db40b68189061)</div>]]>
            </line>
            <line>
              <![CDATA[<div style='color: black; font-size: small; border-bottom: solid 1px silver;'>2021-Jul-05 14:58:03,146 : &nbsp;quit browser completed successfully</div>]]>
            </line>
          </reporter-output>
        </test-method> <!-- quitBrowser -->
      </class> <!-- com.mcmp.tests.orderIntegration.vra.e2e.e2eCentOS77CompositeVRA82 -->
    </test> <!-- com.mcmp.tests.orderIntegration.vra.e2e.e2eCentOS77CompositeVRA82 -->
  </suite> <!-- MCMP Functional Testing -->
</testng-results>
